[0.015s] Invoking command in '/home/fef2/ROS/ex09/build/full_name_messages': CMAKE_PREFIX_PATH=/opt/ros/humble /usr/bin/cmake --build /home/fef2/ROS/ex09/build/full_name_messages -- -j12 -l12
[0.076s] [35m[1mConsolidate compiler generated dependencies of target full_name_messages__rosidl_generator_c[0m
[0.093s] [  5%] Built target full_name_messages__cpp
[0.094s] [ 12%] Built target full_name_messages__rosidl_generator_c
[0.109s] [ 12%] Built target ament_cmake_python_copy_full_name_messages
[0.110s] [35m[1mConsolidate compiler generated dependencies of target full_name_messages__rosidl_typesupport_cpp[0m
[0.110s] [35m[1mConsolidate compiler generated dependencies of target full_name_messages__rosidl_typesupport_fastrtps_cpp[0m
[0.113s] [35m[1mConsolidate compiler generated dependencies of target full_name_messages__rosidl_typesupport_c[0m
[0.113s] [35m[1mConsolidate compiler generated dependencies of target full_name_messages__rosidl_typesupport_introspection_c[0m
[0.113s] [35m[1mConsolidate compiler generated dependencies of target full_name_messages__rosidl_typesupport_fastrtps_c[0m
[0.114s] [35m[1mConsolidate compiler generated dependencies of target full_name_messages__rosidl_typesupport_introspection_cpp[0m
[0.132s] [ 23%] Built target full_name_messages__rosidl_typesupport_cpp
[0.132s] [ 33%] Built target full_name_messages__rosidl_typesupport_c
[0.132s] [ 43%] Built target full_name_messages__rosidl_typesupport_introspection_c
[0.135s] [ 64%] Built target full_name_messages__rosidl_typesupport_fastrtps_c
[0.136s] [ 64%] Built target full_name_messages__rosidl_typesupport_introspection_cpp
[0.136s] [ 74%] Built target full_name_messages__rosidl_typesupport_fastrtps_cpp
[0.168s] [ 74%] Built target full_name_messages
[0.199s] [ 76%] Built target full_name_messages__py
[0.215s] [35m[1mConsolidate compiler generated dependencies of target full_name_messages__rosidl_generator_py[0m
[0.237s] [ 84%] Built target full_name_messages__rosidl_generator_py
[0.253s] [35m[1mConsolidate compiler generated dependencies of target full_name_messages__rosidl_typesupport_c__pyext[0m
[0.253s] [35m[1mConsolidate compiler generated dependencies of target full_name_messages__rosidl_typesupport_fastrtps_c__pyext[0m
[0.253s] [35m[1mConsolidate compiler generated dependencies of target full_name_messages__rosidl_typesupport_introspection_c__pyext[0m
[0.272s] [ 94%] Built target full_name_messages__rosidl_typesupport_introspection_c__pyext
[0.272s] [ 94%] Built target full_name_messages__rosidl_typesupport_fastrtps_c__pyext
[0.272s] [100%] Built target full_name_messages__rosidl_typesupport_c__pyext
[0.432s] running egg_info
[0.433s] writing full_name_messages.egg-info/PKG-INFO
[0.433s] writing dependency_links to full_name_messages.egg-info/dependency_links.txt
[0.434s] writing top-level names to full_name_messages.egg-info/top_level.txt
[0.436s] reading manifest file 'full_name_messages.egg-info/SOURCES.txt'
[0.437s] writing manifest file 'full_name_messages.egg-info/SOURCES.txt'
[0.475s] [100%] Built target ament_cmake_python_build_full_name_messages_egg
[0.501s] Invoked command in '/home/fef2/ROS/ex09/build/full_name_messages' returned '0': CMAKE_PREFIX_PATH=/opt/ros/humble /usr/bin/cmake --build /home/fef2/ROS/ex09/build/full_name_messages -- -j12 -l12
[0.666s] Invoking command in '/home/fef2/ROS/ex09/build/full_name_messages': CMAKE_PREFIX_PATH=/opt/ros/humble /usr/bin/cmake --install /home/fef2/ROS/ex09/build/full_name_messages
[0.678s] -- Install configuration: ""
[0.679s] -- Up-to-date: /home/fef2/ROS/ex09/install/full_name_messages/share/ament_index/resource_index/rosidl_interfaces/full_name_messages
[0.679s] -- Up-to-date: /home/fef2/ROS/ex09/install/full_name_messages/include/full_name_messages/full_name_messages
[0.679s] -- Up-to-date: /home/fef2/ROS/ex09/install/full_name_messages/include/full_name_messages/full_name_messages/msg
[0.679s] -- Up-to-date: /home/fef2/ROS/ex09/install/full_name_messages/include/full_name_messages/full_name_messages/msg/rosidl_generator_c__visibility_control.h
[0.680s] -- Up-to-date: /home/fef2/ROS/ex09/install/full_name_messages/include/full_name_messages/full_name_messages/msg/detail
[0.680s] -- Up-to-date: /home/fef2/ROS/ex09/install/full_name_messages/include/full_name_messages/full_name_messages/msg/detail/full_name_message__struct.h
[0.680s] -- Up-to-date: /home/fef2/ROS/ex09/install/full_name_messages/include/full_name_messages/full_name_messages/msg/detail/full_name_message__functions.h
[0.680s] -- Up-to-date: /home/fef2/ROS/ex09/install/full_name_messages/include/full_name_messages/full_name_messages/msg/detail/full_name_message__type_support.h
[0.680s] -- Up-to-date: /home/fef2/ROS/ex09/install/full_name_messages/include/full_name_messages/full_name_messages/msg/detail/full_name_message__functions.c
[0.680s] -- Up-to-date: /home/fef2/ROS/ex09/install/full_name_messages/include/full_name_messages/full_name_messages/msg/full_name_message.h
[0.681s] -- Up-to-date: /home/fef2/ROS/ex09/install/full_name_messages/include/full_name_messages/full_name_messages/srv
[0.681s] -- Up-to-date: /home/fef2/ROS/ex09/install/full_name_messages/include/full_name_messages/full_name_messages/srv/detail
[0.681s] -- Up-to-date: /home/fef2/ROS/ex09/install/full_name_messages/include/full_name_messages/full_name_messages/srv/detail/full_name_sum_service__type_support.h
[0.681s] -- Up-to-date: /home/fef2/ROS/ex09/install/full_name_messages/include/full_name_messages/full_name_messages/srv/detail/full_name_sum_service__struct.h
[0.681s] -- Up-to-date: /home/fef2/ROS/ex09/install/full_name_messages/include/full_name_messages/full_name_messages/srv/detail/full_name_sum_service__functions.c
[0.681s] -- Up-to-date: /home/fef2/ROS/ex09/install/full_name_messages/include/full_name_messages/full_name_messages/srv/detail/full_name_sum_service__functions.h
[0.681s] -- Up-to-date: /home/fef2/ROS/ex09/install/full_name_messages/include/full_name_messages/full_name_messages/srv/full_name_sum_service.h
[0.682s] -- Up-to-date: /home/fef2/ROS/ex09/install/full_name_messages/share/full_name_messages/environment/library_path.sh
[0.682s] -- Up-to-date: /home/fef2/ROS/ex09/install/full_name_messages/share/full_name_messages/environment/library_path.dsv
[0.682s] -- Up-to-date: /home/fef2/ROS/ex09/install/full_name_messages/lib/libfull_name_messages__rosidl_generator_c.so
[0.682s] -- Up-to-date: /home/fef2/ROS/ex09/install/full_name_messages/include/full_name_messages/full_name_messages
[0.682s] -- Up-to-date: /home/fef2/ROS/ex09/install/full_name_messages/include/full_name_messages/full_name_messages/msg
[0.683s] -- Up-to-date: /home/fef2/ROS/ex09/install/full_name_messages/include/full_name_messages/full_name_messages/msg/detail
[0.683s] -- Up-to-date: /home/fef2/ROS/ex09/install/full_name_messages/include/full_name_messages/full_name_messages/msg/detail/full_name_message__rosidl_typesupport_fastrtps_c.h
[0.683s] -- Up-to-date: /home/fef2/ROS/ex09/install/full_name_messages/include/full_name_messages/full_name_messages/msg/rosidl_typesupport_fastrtps_c__visibility_control.h
[0.683s] -- Up-to-date: /home/fef2/ROS/ex09/install/full_name_messages/include/full_name_messages/full_name_messages/srv
[0.683s] -- Up-to-date: /home/fef2/ROS/ex09/install/full_name_messages/include/full_name_messages/full_name_messages/srv/detail
[0.683s] -- Up-to-date: /home/fef2/ROS/ex09/install/full_name_messages/include/full_name_messages/full_name_messages/srv/detail/full_name_sum_service__rosidl_typesupport_fastrtps_c.h
[0.684s] -- Up-to-date: /home/fef2/ROS/ex09/install/full_name_messages/lib/libfull_name_messages__rosidl_typesupport_fastrtps_c.so
[0.684s] -- Up-to-date: /home/fef2/ROS/ex09/install/full_name_messages/include/full_name_messages/full_name_messages
[0.684s] -- Up-to-date: /home/fef2/ROS/ex09/install/full_name_messages/include/full_name_messages/full_name_messages/msg
[0.684s] -- Up-to-date: /home/fef2/ROS/ex09/install/full_name_messages/include/full_name_messages/full_name_messages/msg/detail
[0.684s] -- Up-to-date: /home/fef2/ROS/ex09/install/full_name_messages/include/full_name_messages/full_name_messages/msg/detail/full_name_message__struct.hpp
[0.684s] -- Up-to-date: /home/fef2/ROS/ex09/install/full_name_messages/include/full_name_messages/full_name_messages/msg/detail/full_name_message__builder.hpp
[0.685s] -- Up-to-date: /home/fef2/ROS/ex09/install/full_name_messages/include/full_name_messages/full_name_messages/msg/detail/full_name_message__traits.hpp
[0.685s] -- Up-to-date: /home/fef2/ROS/ex09/install/full_name_messages/include/full_name_messages/full_name_messages/msg/full_name_message.hpp
[0.685s] -- Up-to-date: /home/fef2/ROS/ex09/install/full_name_messages/include/full_name_messages/full_name_messages/srv
[0.685s] -- Up-to-date: /home/fef2/ROS/ex09/install/full_name_messages/include/full_name_messages/full_name_messages/srv/detail
[0.685s] -- Up-to-date: /home/fef2/ROS/ex09/install/full_name_messages/include/full_name_messages/full_name_messages/srv/detail/full_name_sum_service__struct.hpp
[0.685s] -- Up-to-date: /home/fef2/ROS/ex09/install/full_name_messages/include/full_name_messages/full_name_messages/srv/detail/full_name_sum_service__traits.hpp
[0.685s] -- Up-to-date: /home/fef2/ROS/ex09/install/full_name_messages/include/full_name_messages/full_name_messages/srv/detail/full_name_sum_service__builder.hpp
[0.686s] -- Up-to-date: /home/fef2/ROS/ex09/install/full_name_messages/include/full_name_messages/full_name_messages/srv/full_name_sum_service.hpp
[0.686s] -- Up-to-date: /home/fef2/ROS/ex09/install/full_name_messages/include/full_name_messages/full_name_messages
[0.686s] -- Up-to-date: /home/fef2/ROS/ex09/install/full_name_messages/include/full_name_messages/full_name_messages/msg
[0.686s] -- Up-to-date: /home/fef2/ROS/ex09/install/full_name_messages/include/full_name_messages/full_name_messages/msg/detail
[0.686s] -- Up-to-date: /home/fef2/ROS/ex09/install/full_name_messages/include/full_name_messages/full_name_messages/msg/detail/dds_fastrtps
[0.686s] -- Up-to-date: /home/fef2/ROS/ex09/install/full_name_messages/include/full_name_messages/full_name_messages/msg/detail/full_name_message__rosidl_typesupport_fastrtps_cpp.hpp
[0.687s] -- Up-to-date: /home/fef2/ROS/ex09/install/full_name_messages/include/full_name_messages/full_name_messages/msg/rosidl_typesupport_fastrtps_cpp__visibility_control.h
[0.687s] -- Up-to-date: /home/fef2/ROS/ex09/install/full_name_messages/include/full_name_messages/full_name_messages/srv
[0.687s] -- Up-to-date: /home/fef2/ROS/ex09/install/full_name_messages/include/full_name_messages/full_name_messages/srv/detail
[0.687s] -- Up-to-date: /home/fef2/ROS/ex09/install/full_name_messages/include/full_name_messages/full_name_messages/srv/detail/dds_fastrtps
[0.687s] -- Up-to-date: /home/fef2/ROS/ex09/install/full_name_messages/include/full_name_messages/full_name_messages/srv/detail/full_name_sum_service__rosidl_typesupport_fastrtps_cpp.hpp
[0.687s] -- Up-to-date: /home/fef2/ROS/ex09/install/full_name_messages/lib/libfull_name_messages__rosidl_typesupport_fastrtps_cpp.so
[0.687s] -- Up-to-date: /home/fef2/ROS/ex09/install/full_name_messages/include/full_name_messages/full_name_messages
[0.688s] -- Up-to-date: /home/fef2/ROS/ex09/install/full_name_messages/include/full_name_messages/full_name_messages/msg
[0.688s] -- Up-to-date: /home/fef2/ROS/ex09/install/full_name_messages/include/full_name_messages/full_name_messages/msg/detail
[0.688s] -- Up-to-date: /home/fef2/ROS/ex09/install/full_name_messages/include/full_name_messages/full_name_messages/msg/detail/full_name_message__type_support.c
[0.688s] -- Up-to-date: /home/fef2/ROS/ex09/install/full_name_messages/include/full_name_messages/full_name_messages/msg/detail/full_name_message__rosidl_typesupport_introspection_c.h
[0.688s] -- Up-to-date: /home/fef2/ROS/ex09/install/full_name_messages/include/full_name_messages/full_name_messages/msg/rosidl_typesupport_introspection_c__visibility_control.h
[0.688s] -- Up-to-date: /home/fef2/ROS/ex09/install/full_name_messages/include/full_name_messages/full_name_messages/srv
[0.688s] -- Up-to-date: /home/fef2/ROS/ex09/install/full_name_messages/include/full_name_messages/full_name_messages/srv/detail
[0.689s] -- Up-to-date: /home/fef2/ROS/ex09/install/full_name_messages/include/full_name_messages/full_name_messages/srv/detail/full_name_sum_service__rosidl_typesupport_introspection_c.h
[0.689s] -- Up-to-date: /home/fef2/ROS/ex09/install/full_name_messages/include/full_name_messages/full_name_messages/srv/detail/full_name_sum_service__type_support.c
[0.689s] -- Up-to-date: /home/fef2/ROS/ex09/install/full_name_messages/lib/libfull_name_messages__rosidl_typesupport_introspection_c.so
[0.689s] -- Up-to-date: /home/fef2/ROS/ex09/install/full_name_messages/lib/libfull_name_messages__rosidl_typesupport_c.so
[0.689s] -- Up-to-date: /home/fef2/ROS/ex09/install/full_name_messages/include/full_name_messages/full_name_messages
[0.689s] -- Up-to-date: /home/fef2/ROS/ex09/install/full_name_messages/include/full_name_messages/full_name_messages/msg
[0.689s] -- Up-to-date: /home/fef2/ROS/ex09/install/full_name_messages/include/full_name_messages/full_name_messages/msg/detail
[0.690s] -- Up-to-date: /home/fef2/ROS/ex09/install/full_name_messages/include/full_name_messages/full_name_messages/msg/detail/full_name_message__rosidl_typesupport_introspection_cpp.hpp
[0.690s] -- Up-to-date: /home/fef2/ROS/ex09/install/full_name_messages/include/full_name_messages/full_name_messages/msg/detail/full_name_message__type_support.cpp
[0.690s] -- Up-to-date: /home/fef2/ROS/ex09/install/full_name_messages/include/full_name_messages/full_name_messages/srv
[0.690s] -- Up-to-date: /home/fef2/ROS/ex09/install/full_name_messages/include/full_name_messages/full_name_messages/srv/detail
[0.690s] -- Up-to-date: /home/fef2/ROS/ex09/install/full_name_messages/include/full_name_messages/full_name_messages/srv/detail/full_name_sum_service__type_support.cpp
[0.690s] -- Up-to-date: /home/fef2/ROS/ex09/install/full_name_messages/include/full_name_messages/full_name_messages/srv/detail/full_name_sum_service__rosidl_typesupport_introspection_cpp.hpp
[0.690s] -- Up-to-date: /home/fef2/ROS/ex09/install/full_name_messages/lib/libfull_name_messages__rosidl_typesupport_introspection_cpp.so
[0.691s] -- Up-to-date: /home/fef2/ROS/ex09/install/full_name_messages/lib/libfull_name_messages__rosidl_typesupport_cpp.so
[0.691s] -- Up-to-date: /home/fef2/ROS/ex09/install/full_name_messages/share/full_name_messages/environment/pythonpath.sh
[0.691s] -- Up-to-date: /home/fef2/ROS/ex09/install/full_name_messages/share/full_name_messages/environment/pythonpath.dsv
[0.691s] -- Up-to-date: /home/fef2/ROS/ex09/install/full_name_messages/local/lib/python3.10/dist-packages/full_name_messages-0.0.0-py3.10.egg-info
[0.691s] -- Installing: /home/fef2/ROS/ex09/install/full_name_messages/local/lib/python3.10/dist-packages/full_name_messages-0.0.0-py3.10.egg-info/top_level.txt
[0.691s] -- Installing: /home/fef2/ROS/ex09/install/full_name_messages/local/lib/python3.10/dist-packages/full_name_messages-0.0.0-py3.10.egg-info/dependency_links.txt
[0.692s] -- Installing: /home/fef2/ROS/ex09/install/full_name_messages/local/lib/python3.10/dist-packages/full_name_messages-0.0.0-py3.10.egg-info/SOURCES.txt
[0.692s] -- Installing: /home/fef2/ROS/ex09/install/full_name_messages/local/lib/python3.10/dist-packages/full_name_messages-0.0.0-py3.10.egg-info/PKG-INFO
[0.692s] -- Up-to-date: /home/fef2/ROS/ex09/install/full_name_messages/local/lib/python3.10/dist-packages/full_name_messages
[0.692s] -- Up-to-date: /home/fef2/ROS/ex09/install/full_name_messages/local/lib/python3.10/dist-packages/full_name_messages/full_name_messages_s__rosidl_typesupport_introspection_c.cpython-310-x86_64-linux-gnu.so
[0.692s] -- Up-to-date: /home/fef2/ROS/ex09/install/full_name_messages/local/lib/python3.10/dist-packages/full_name_messages/full_name_messages_s__rosidl_typesupport_c.cpython-310-x86_64-linux-gnu.so
[0.692s] -- Up-to-date: /home/fef2/ROS/ex09/install/full_name_messages/local/lib/python3.10/dist-packages/full_name_messages/__init__.py
[0.692s] -- Up-to-date: /home/fef2/ROS/ex09/install/full_name_messages/local/lib/python3.10/dist-packages/full_name_messages/_full_name_messages_s.ep.rosidl_typesupport_c.c
[0.692s] -- Up-to-date: /home/fef2/ROS/ex09/install/full_name_messages/local/lib/python3.10/dist-packages/full_name_messages/msg
[0.692s] -- Up-to-date: /home/fef2/ROS/ex09/install/full_name_messages/local/lib/python3.10/dist-packages/full_name_messages/msg/_full_name_message.py
[0.693s] -- Up-to-date: /home/fef2/ROS/ex09/install/full_name_messages/local/lib/python3.10/dist-packages/full_name_messages/msg/__init__.py
[0.693s] -- Up-to-date: /home/fef2/ROS/ex09/install/full_name_messages/local/lib/python3.10/dist-packages/full_name_messages/msg/_full_name_message_s.c
[0.693s] -- Up-to-date: /home/fef2/ROS/ex09/install/full_name_messages/local/lib/python3.10/dist-packages/full_name_messages/libfull_name_messages__rosidl_generator_py.so
[0.693s] -- Up-to-date: /home/fef2/ROS/ex09/install/full_name_messages/local/lib/python3.10/dist-packages/full_name_messages/srv
[0.693s] -- Up-to-date: /home/fef2/ROS/ex09/install/full_name_messages/local/lib/python3.10/dist-packages/full_name_messages/srv/__init__.py
[0.693s] -- Up-to-date: /home/fef2/ROS/ex09/install/full_name_messages/local/lib/python3.10/dist-packages/full_name_messages/srv/_full_name_sum_service_s.c
[0.693s] -- Up-to-date: /home/fef2/ROS/ex09/install/full_name_messages/local/lib/python3.10/dist-packages/full_name_messages/srv/_full_name_sum_service.py
[0.693s] -- Up-to-date: /home/fef2/ROS/ex09/install/full_name_messages/local/lib/python3.10/dist-packages/full_name_messages/_full_name_messages_s.ep.rosidl_typesupport_fastrtps_c.c
[0.693s] -- Up-to-date: /home/fef2/ROS/ex09/install/full_name_messages/local/lib/python3.10/dist-packages/full_name_messages/full_name_messages_s__rosidl_typesupport_fastrtps_c.cpython-310-x86_64-linux-gnu.so
[0.693s] -- Up-to-date: /home/fef2/ROS/ex09/install/full_name_messages/local/lib/python3.10/dist-packages/full_name_messages/_full_name_messages_s.ep.rosidl_typesupport_introspection_c.c
[0.739s] Listing '/home/fef2/ROS/ex09/install/full_name_messages/local/lib/python3.10/dist-packages/full_name_messages'...
[0.739s] Listing '/home/fef2/ROS/ex09/install/full_name_messages/local/lib/python3.10/dist-packages/full_name_messages/msg'...
[0.739s] Listing '/home/fef2/ROS/ex09/install/full_name_messages/local/lib/python3.10/dist-packages/full_name_messages/srv'...
[0.745s] -- Up-to-date: /home/fef2/ROS/ex09/install/full_name_messages/local/lib/python3.10/dist-packages/full_name_messages/full_name_messages_s__rosidl_typesupport_fastrtps_c.cpython-310-x86_64-linux-gnu.so
[0.745s] -- Up-to-date: /home/fef2/ROS/ex09/install/full_name_messages/local/lib/python3.10/dist-packages/full_name_messages/full_name_messages_s__rosidl_typesupport_introspection_c.cpython-310-x86_64-linux-gnu.so
[0.746s] -- Up-to-date: /home/fef2/ROS/ex09/install/full_name_messages/local/lib/python3.10/dist-packages/full_name_messages/full_name_messages_s__rosidl_typesupport_c.cpython-310-x86_64-linux-gnu.so
[0.746s] -- Up-to-date: /home/fef2/ROS/ex09/install/full_name_messages/lib/libfull_name_messages__rosidl_generator_py.so
[0.747s] -- Up-to-date: /home/fef2/ROS/ex09/install/full_name_messages/share/full_name_messages/msg/FullNameMessage.idl
[0.747s] -- Up-to-date: /home/fef2/ROS/ex09/install/full_name_messages/share/full_name_messages/srv/FullNameSumService.idl
[0.747s] -- Up-to-date: /home/fef2/ROS/ex09/install/full_name_messages/share/full_name_messages/msg/FullNameMessage.msg
[0.747s] -- Up-to-date: /home/fef2/ROS/ex09/install/full_name_messages/share/full_name_messages/srv/FullNameSumService.srv
[0.747s] -- Up-to-date: /home/fef2/ROS/ex09/install/full_name_messages/share/full_name_messages/srv/FullNameSumService_Request.msg
[0.747s] -- Up-to-date: /home/fef2/ROS/ex09/install/full_name_messages/share/full_name_messages/srv/FullNameSumService_Response.msg
[0.748s] -- Up-to-date: /home/fef2/ROS/ex09/install/full_name_messages/share/ament_index/resource_index/package_run_dependencies/full_name_messages
[0.748s] -- Up-to-date: /home/fef2/ROS/ex09/install/full_name_messages/share/ament_index/resource_index/parent_prefix_path/full_name_messages
[0.748s] -- Up-to-date: /home/fef2/ROS/ex09/install/full_name_messages/share/full_name_messages/environment/ament_prefix_path.sh
[0.748s] -- Up-to-date: /home/fef2/ROS/ex09/install/full_name_messages/share/full_name_messages/environment/ament_prefix_path.dsv
[0.748s] -- Up-to-date: /home/fef2/ROS/ex09/install/full_name_messages/share/full_name_messages/environment/path.sh
[0.749s] -- Up-to-date: /home/fef2/ROS/ex09/install/full_name_messages/share/full_name_messages/environment/path.dsv
[0.749s] -- Up-to-date: /home/fef2/ROS/ex09/install/full_name_messages/share/full_name_messages/local_setup.bash
[0.749s] -- Up-to-date: /home/fef2/ROS/ex09/install/full_name_messages/share/full_name_messages/local_setup.sh
[0.749s] -- Up-to-date: /home/fef2/ROS/ex09/install/full_name_messages/share/full_name_messages/local_setup.zsh
[0.749s] -- Up-to-date: /home/fef2/ROS/ex09/install/full_name_messages/share/full_name_messages/local_setup.dsv
[0.749s] -- Installing: /home/fef2/ROS/ex09/install/full_name_messages/share/full_name_messages/package.dsv
[0.750s] -- Up-to-date: /home/fef2/ROS/ex09/install/full_name_messages/share/ament_index/resource_index/packages/full_name_messages
[0.750s] -- Up-to-date: /home/fef2/ROS/ex09/install/full_name_messages/share/full_name_messages/cmake/export_full_name_messages__rosidl_generator_cExport.cmake
[0.750s] -- Up-to-date: /home/fef2/ROS/ex09/install/full_name_messages/share/full_name_messages/cmake/export_full_name_messages__rosidl_generator_cExport-noconfig.cmake
[0.750s] -- Up-to-date: /home/fef2/ROS/ex09/install/full_name_messages/share/full_name_messages/cmake/export_full_name_messages__rosidl_typesupport_fastrtps_cExport.cmake
[0.750s] -- Up-to-date: /home/fef2/ROS/ex09/install/full_name_messages/share/full_name_messages/cmake/export_full_name_messages__rosidl_typesupport_fastrtps_cExport-noconfig.cmake
[0.750s] -- Up-to-date: /home/fef2/ROS/ex09/install/full_name_messages/share/full_name_messages/cmake/export_full_name_messages__rosidl_generator_cppExport.cmake
[0.751s] -- Up-to-date: /home/fef2/ROS/ex09/install/full_name_messages/share/full_name_messages/cmake/export_full_name_messages__rosidl_typesupport_fastrtps_cppExport.cmake
[0.751s] -- Up-to-date: /home/fef2/ROS/ex09/install/full_name_messages/share/full_name_messages/cmake/export_full_name_messages__rosidl_typesupport_fastrtps_cppExport-noconfig.cmake
[0.751s] -- Up-to-date: /home/fef2/ROS/ex09/install/full_name_messages/share/full_name_messages/cmake/full_name_messages__rosidl_typesupport_introspection_cExport.cmake
[0.751s] -- Up-to-date: /home/fef2/ROS/ex09/install/full_name_messages/share/full_name_messages/cmake/full_name_messages__rosidl_typesupport_introspection_cExport-noconfig.cmake
[0.751s] -- Up-to-date: /home/fef2/ROS/ex09/install/full_name_messages/share/full_name_messages/cmake/full_name_messages__rosidl_typesupport_cExport.cmake
[0.751s] -- Up-to-date: /home/fef2/ROS/ex09/install/full_name_messages/share/full_name_messages/cmake/full_name_messages__rosidl_typesupport_cExport-noconfig.cmake
[0.752s] -- Up-to-date: /home/fef2/ROS/ex09/install/full_name_messages/share/full_name_messages/cmake/full_name_messages__rosidl_typesupport_introspection_cppExport.cmake
[0.752s] -- Up-to-date: /home/fef2/ROS/ex09/install/full_name_messages/share/full_name_messages/cmake/full_name_messages__rosidl_typesupport_introspection_cppExport-noconfig.cmake
[0.752s] -- Up-to-date: /home/fef2/ROS/ex09/install/full_name_messages/share/full_name_messages/cmake/full_name_messages__rosidl_typesupport_cppExport.cmake
[0.752s] -- Up-to-date: /home/fef2/ROS/ex09/install/full_name_messages/share/full_name_messages/cmake/full_name_messages__rosidl_typesupport_cppExport-noconfig.cmake
[0.752s] -- Up-to-date: /home/fef2/ROS/ex09/install/full_name_messages/share/full_name_messages/cmake/export_full_name_messages__rosidl_generator_pyExport.cmake
[0.752s] -- Up-to-date: /home/fef2/ROS/ex09/install/full_name_messages/share/full_name_messages/cmake/export_full_name_messages__rosidl_generator_pyExport-noconfig.cmake
[0.752s] -- Up-to-date: /home/fef2/ROS/ex09/install/full_name_messages/share/full_name_messages/cmake/rosidl_cmake-extras.cmake
[0.753s] -- Up-to-date: /home/fef2/ROS/ex09/install/full_name_messages/share/full_name_messages/cmake/ament_cmake_export_include_directories-extras.cmake
[0.753s] -- Up-to-date: /home/fef2/ROS/ex09/install/full_name_messages/share/full_name_messages/cmake/ament_cmake_export_libraries-extras.cmake
[0.753s] -- Up-to-date: /home/fef2/ROS/ex09/install/full_name_messages/share/full_name_messages/cmake/ament_cmake_export_targets-extras.cmake
[0.753s] -- Up-to-date: /home/fef2/ROS/ex09/install/full_name_messages/share/full_name_messages/cmake/rosidl_cmake_export_typesupport_targets-extras.cmake
[0.753s] -- Up-to-date: /home/fef2/ROS/ex09/install/full_name_messages/share/full_name_messages/cmake/ament_cmake_export_dependencies-extras.cmake
[0.753s] -- Up-to-date: /home/fef2/ROS/ex09/install/full_name_messages/share/full_name_messages/cmake/rosidl_cmake_export_typesupport_libraries-extras.cmake
[0.754s] -- Up-to-date: /home/fef2/ROS/ex09/install/full_name_messages/share/full_name_messages/cmake/full_name_messagesConfig.cmake
[0.754s] -- Up-to-date: /home/fef2/ROS/ex09/install/full_name_messages/share/full_name_messages/cmake/full_name_messagesConfig-version.cmake
[0.754s] -- Up-to-date: /home/fef2/ROS/ex09/install/full_name_messages/share/full_name_messages/package.xml
[0.755s] Invoked command in '/home/fef2/ROS/ex09/build/full_name_messages' returned '0': CMAKE_PREFIX_PATH=/opt/ros/humble /usr/bin/cmake --install /home/fef2/ROS/ex09/build/full_name_messages
