-- The C compiler identification is GNU 11.4.0
-- The CXX compiler identification is GNU 11.4.0
-- Detecting C compiler ABI info
-- Detecting C compiler ABI info - done
-- Check for working C compiler: /usr/bin/cc - skipped
-- Detecting C compile features
-- Detecting C compile features - done
-- Detecting CXX compiler ABI info
-- Detecting CXX compiler ABI info - done
-- Check for working CXX compiler: /usr/bin/c++ - skipped
-- Detecting CXX compile features
-- Detecting CXX compile features - done
-- Found ament_cmake: 1.3.10 (/opt/ros/humble/share/ament_cmake/cmake)
-- Found Python3: /usr/bin/python3 (found version "3.10.12") found components: Interpreter 
-- Found ament_lint_auto: 0.12.11 (/opt/ros/humble/share/ament_lint_auto/cmake)
-- Found geometry_msgs: 4.2.4 (/opt/ros/humble/share/geometry_msgs/cmake)
-- Found rosidl_generator_c: 3.1.5 (/opt/ros/humble/share/rosidl_generator_c/cmake)
-- Found rosidl_adapter: 3.1.5 (/opt/ros/humble/share/rosidl_adapter/cmake)
-- Found rosidl_generator_cpp: 3.1.5 (/opt/ros/humble/share/rosidl_generator_cpp/cmake)
-- Using all available rosidl_typesupport_c: rosidl_typesupport_fastrtps_c;rosidl_typesupport_introspection_c
-- Using all available rosidl_typesupport_cpp: rosidl_typesupport_fastrtps_cpp;rosidl_typesupport_introspection_cpp
-- Found rosidl_default_generators: 1.2.0 (/opt/ros/humble/share/rosidl_default_generators/cmake)
-- Found ament_cmake_ros: 0.10.0 (/opt/ros/humble/share/ament_cmake_ros/cmake)
-- Using all available rosidl_typesupport_c: rosidl_typesupport_fastrtps_c;rosidl_typesupport_introspection_c
-- Using all available rosidl_typesupport_cpp: rosidl_typesupport_fastrtps_cpp;rosidl_typesupport_introspection_cpp
-- Found PythonInterp: /usr/bin/python3 (found suitable version "3.10.12", minimum required is "3.6") 
-- Found python_cmake_module: 0.10.0 (/opt/ros/humble/share/python_cmake_module/cmake)
-- Found PythonLibs: /usr/lib/x86_64-linux-gnu/libpython3.10.so (found suitable version "3.10.12", minimum required is "3.5") 
-- Using PYTHON_EXECUTABLE: /usr/bin/python3
-- Using PYTHON_INCLUDE_DIRS: /usr/include/python3.10
-- Using PYTHON_LIBRARIES: /usr/lib/x86_64-linux-gnu/libpython3.10.so
-- Found PythonExtra: .so  
-- Added test 'lint_cmake' to check CMake code style
-- Added test 'xmllint' to check XML markup files
-- Configuring done
-- Generating done
-- Build files have been written to: /home/fef2/ROS/ex09/build/full_name_messages
[  2%] [34m[1mGenerating C code for ROS interfaces[0m
[  5%] [34m[1mGenerating C++ code for ROS interfaces[0m
[  5%] Built target ament_cmake_python_copy_full_name_messages
running egg_info
creating full_name_messages.egg-info
writing full_name_messages.egg-info/PKG-INFO
writing dependency_links to full_name_messages.egg-info/dependency_links.txt
writing top-level names to full_name_messages.egg-info/top_level.txt
writing manifest file 'full_name_messages.egg-info/SOURCES.txt'
reading manifest file 'full_name_messages.egg-info/SOURCES.txt'
writing manifest file 'full_name_messages.egg-info/SOURCES.txt'
[  5%] Built target ament_cmake_python_build_full_name_messages_egg
[  5%] Built target full_name_messages__cpp
[ 10%] [32mBuilding C object CMakeFiles/full_name_messages__rosidl_generator_c.dir/rosidl_generator_c/full_name_messages/msg/detail/full_name_message__functions.c.o[0m
[ 10%] [32mBuilding C object CMakeFiles/full_name_messages__rosidl_generator_c.dir/rosidl_generator_c/full_name_messages/srv/detail/full_name_sum_service__functions.c.o[0m
[ 15%] [34m[1mGenerating C++ type support for eProsima Fast-RTPS[0m
[ 15%] [34m[1mGenerating C++ type support dispatch for ROS interfaces[0m
[ 17%] [34m[1mGenerating C++ introspection for ROS interfaces[0m
[ 20%] [32m[1mLinking C shared library libfull_name_messages__rosidl_generator_c.so[0m
[ 20%] Built target full_name_messages__rosidl_generator_c
[ 25%] [34m[1mGenerating C type support for eProsima Fast-RTPS[0m
[ 25%] [34m[1mGenerating C type support dispatch for ROS interfaces[0m
[ 28%] [34m[1mGenerating C introspection for ROS interfaces[0m
[ 33%] [32mBuilding CXX object CMakeFiles/full_name_messages__rosidl_typesupport_cpp.dir/rosidl_typesupport_cpp/full_name_messages/srv/full_name_sum_service__type_support.cpp.o[0m
[ 33%] [32mBuilding CXX object CMakeFiles/full_name_messages__rosidl_typesupport_cpp.dir/rosidl_typesupport_cpp/full_name_messages/msg/full_name_message__type_support.cpp.o[0m
[ 35%] [32mBuilding CXX object CMakeFiles/full_name_messages__rosidl_typesupport_introspection_cpp.dir/rosidl_typesupport_introspection_cpp/full_name_messages/srv/detail/full_name_sum_service__type_support.cpp.o[0m
[ 38%] [32mBuilding CXX object CMakeFiles/full_name_messages__rosidl_typesupport_introspection_cpp.dir/rosidl_typesupport_introspection_cpp/full_name_messages/msg/detail/full_name_message__type_support.cpp.o[0m
[ 43%] [32mBuilding CXX object CMakeFiles/full_name_messages__rosidl_typesupport_fastrtps_cpp.dir/rosidl_typesupport_fastrtps_cpp/full_name_messages/srv/detail/dds_fastrtps/full_name_sum_service__type_support.cpp.o[0m
[ 43%] [32mBuilding CXX object CMakeFiles/full_name_messages__rosidl_typesupport_fastrtps_cpp.dir/rosidl_typesupport_fastrtps_cpp/full_name_messages/msg/detail/dds_fastrtps/full_name_message__type_support.cpp.o[0m
[ 46%] [32mBuilding CXX object CMakeFiles/full_name_messages__rosidl_typesupport_c.dir/rosidl_typesupport_c/full_name_messages/srv/full_name_sum_service__type_support.cpp.o[0m
[ 48%] [32mBuilding CXX object CMakeFiles/full_name_messages__rosidl_typesupport_c.dir/rosidl_typesupport_c/full_name_messages/msg/full_name_message__type_support.cpp.o[0m
[ 51%] [32mBuilding C object CMakeFiles/full_name_messages__rosidl_typesupport_introspection_c.dir/rosidl_typesupport_introspection_c/full_name_messages/msg/detail/full_name_message__type_support.c.o[0m
[ 53%] [32mBuilding C object CMakeFiles/full_name_messages__rosidl_typesupport_introspection_c.dir/rosidl_typesupport_introspection_c/full_name_messages/srv/detail/full_name_sum_service__type_support.c.o[0m
[ 56%] [32m[1mLinking CXX shared library libfull_name_messages__rosidl_typesupport_c.so[0m
[ 58%] [32m[1mLinking C shared library libfull_name_messages__rosidl_typesupport_introspection_c.so[0m
[ 61%] [32mBuilding CXX object CMakeFiles/full_name_messages__rosidl_typesupport_fastrtps_c.dir/rosidl_typesupport_fastrtps_c/full_name_messages/msg/detail/full_name_message__type_support_c.cpp.o[0m
[ 64%] [32mBuilding CXX object CMakeFiles/full_name_messages__rosidl_typesupport_fastrtps_c.dir/rosidl_typesupport_fastrtps_c/full_name_messages/srv/detail/full_name_sum_service__type_support_c.cpp.o[0m
[ 64%] Built target full_name_messages__rosidl_typesupport_c
[ 64%] Built target full_name_messages__rosidl_typesupport_introspection_c
[ 66%] [32m[1mLinking CXX shared library libfull_name_messages__rosidl_typesupport_cpp.so[0m
[ 66%] Built target full_name_messages__rosidl_typesupport_cpp
[ 69%] [32m[1mLinking CXX shared library libfull_name_messages__rosidl_typesupport_introspection_cpp.so[0m
[ 71%] [32m[1mLinking CXX shared library libfull_name_messages__rosidl_typesupport_fastrtps_cpp.so[0m
[ 74%] [32m[1mLinking CXX shared library libfull_name_messages__rosidl_typesupport_fastrtps_c.so[0m
[ 74%] Built target full_name_messages__rosidl_typesupport_introspection_cpp
[ 74%] Built target full_name_messages__rosidl_typesupport_fastrtps_cpp
[ 74%] Built target full_name_messages__rosidl_typesupport_fastrtps_c
[ 74%] Built target full_name_messages
[ 76%] [34m[1mGenerating Python code for ROS interfaces[0m
[ 76%] Built target full_name_messages__py
[ 79%] [32mBuilding C object CMakeFiles/full_name_messages__rosidl_generator_py.dir/rosidl_generator_py/full_name_messages/msg/_full_name_message_s.c.o[0m
[ 82%] [32mBuilding C object CMakeFiles/full_name_messages__rosidl_generator_py.dir/rosidl_generator_py/full_name_messages/srv/_full_name_sum_service_s.c.o[0m
[ 84%] [32m[1mLinking C shared library rosidl_generator_py/full_name_messages/libfull_name_messages__rosidl_generator_py.so[0m
[ 84%] Built target full_name_messages__rosidl_generator_py
[ 87%] [32mBuilding C object CMakeFiles/full_name_messages__rosidl_typesupport_fastrtps_c__pyext.dir/rosidl_generator_py/full_name_messages/_full_name_messages_s.ep.rosidl_typesupport_fastrtps_c.c.o[0m
[ 89%] [32mBuilding C object CMakeFiles/full_name_messages__rosidl_typesupport_introspection_c__pyext.dir/rosidl_generator_py/full_name_messages/_full_name_messages_s.ep.rosidl_typesupport_introspection_c.c.o[0m
[ 92%] [32mBuilding C object CMakeFiles/full_name_messages__rosidl_typesupport_c__pyext.dir/rosidl_generator_py/full_name_messages/_full_name_messages_s.ep.rosidl_typesupport_c.c.o[0m
[ 94%] [32m[1mLinking C shared library rosidl_generator_py/full_name_messages/full_name_messages_s__rosidl_typesupport_introspection_c.cpython-310-x86_64-linux-gnu.so[0m
[ 97%] [32m[1mLinking C shared library rosidl_generator_py/full_name_messages/full_name_messages_s__rosidl_typesupport_fastrtps_c.cpython-310-x86_64-linux-gnu.so[0m
[100%] [32m[1mLinking C shared library rosidl_generator_py/full_name_messages/full_name_messages_s__rosidl_typesupport_c.cpython-310-x86_64-linux-gnu.so[0m
[100%] Built target full_name_messages__rosidl_typesupport_introspection_c__pyext
[100%] Built target full_name_messages__rosidl_typesupport_fastrtps_c__pyext
[100%] Built target full_name_messages__rosidl_typesupport_c__pyext
-- Install configuration: ""
-- Installing: /home/fef2/ROS/ex09/install/full_name_messages/share/ament_index/resource_index/rosidl_interfaces/full_name_messages
-- Installing: /home/fef2/ROS/ex09/install/full_name_messages/include/full_name_messages/full_name_messages
-- Installing: /home/fef2/ROS/ex09/install/full_name_messages/include/full_name_messages/full_name_messages/msg
-- Installing: /home/fef2/ROS/ex09/install/full_name_messages/include/full_name_messages/full_name_messages/msg/rosidl_generator_c__visibility_control.h
-- Installing: /home/fef2/ROS/ex09/install/full_name_messages/include/full_name_messages/full_name_messages/msg/detail
-- Installing: /home/fef2/ROS/ex09/install/full_name_messages/include/full_name_messages/full_name_messages/msg/detail/full_name_message__struct.h
-- Installing: /home/fef2/ROS/ex09/install/full_name_messages/include/full_name_messages/full_name_messages/msg/detail/full_name_message__functions.h
-- Installing: /home/fef2/ROS/ex09/install/full_name_messages/include/full_name_messages/full_name_messages/msg/detail/full_name_message__type_support.h
-- Installing: /home/fef2/ROS/ex09/install/full_name_messages/include/full_name_messages/full_name_messages/msg/detail/full_name_message__functions.c
-- Installing: /home/fef2/ROS/ex09/install/full_name_messages/include/full_name_messages/full_name_messages/msg/full_name_message.h
-- Installing: /home/fef2/ROS/ex09/install/full_name_messages/include/full_name_messages/full_name_messages/srv
-- Installing: /home/fef2/ROS/ex09/install/full_name_messages/include/full_name_messages/full_name_messages/srv/detail
-- Installing: /home/fef2/ROS/ex09/install/full_name_messages/include/full_name_messages/full_name_messages/srv/detail/full_name_sum_service__type_support.h
-- Installing: /home/fef2/ROS/ex09/install/full_name_messages/include/full_name_messages/full_name_messages/srv/detail/full_name_sum_service__struct.h
-- Installing: /home/fef2/ROS/ex09/install/full_name_messages/include/full_name_messages/full_name_messages/srv/detail/full_name_sum_service__functions.c
-- Installing: /home/fef2/ROS/ex09/install/full_name_messages/include/full_name_messages/full_name_messages/srv/detail/full_name_sum_service__functions.h
-- Installing: /home/fef2/ROS/ex09/install/full_name_messages/include/full_name_messages/full_name_messages/srv/full_name_sum_service.h
-- Installing: /home/fef2/ROS/ex09/install/full_name_messages/share/full_name_messages/environment/library_path.sh
-- Installing: /home/fef2/ROS/ex09/install/full_name_messages/share/full_name_messages/environment/library_path.dsv
-- Installing: /home/fef2/ROS/ex09/install/full_name_messages/lib/libfull_name_messages__rosidl_generator_c.so
-- Set runtime path of "/home/fef2/ROS/ex09/install/full_name_messages/lib/libfull_name_messages__rosidl_generator_c.so" to ""
-- Up-to-date: /home/fef2/ROS/ex09/install/full_name_messages/include/full_name_messages/full_name_messages
-- Up-to-date: /home/fef2/ROS/ex09/install/full_name_messages/include/full_name_messages/full_name_messages/msg
-- Up-to-date: /home/fef2/ROS/ex09/install/full_name_messages/include/full_name_messages/full_name_messages/msg/detail
-- Installing: /home/fef2/ROS/ex09/install/full_name_messages/include/full_name_messages/full_name_messages/msg/detail/full_name_message__rosidl_typesupport_fastrtps_c.h
-- Installing: /home/fef2/ROS/ex09/install/full_name_messages/include/full_name_messages/full_name_messages/msg/rosidl_typesupport_fastrtps_c__visibility_control.h
-- Up-to-date: /home/fef2/ROS/ex09/install/full_name_messages/include/full_name_messages/full_name_messages/srv
-- Up-to-date: /home/fef2/ROS/ex09/install/full_name_messages/include/full_name_messages/full_name_messages/srv/detail
-- Installing: /home/fef2/ROS/ex09/install/full_name_messages/include/full_name_messages/full_name_messages/srv/detail/full_name_sum_service__rosidl_typesupport_fastrtps_c.h
-- Installing: /home/fef2/ROS/ex09/install/full_name_messages/lib/libfull_name_messages__rosidl_typesupport_fastrtps_c.so
-- Set runtime path of "/home/fef2/ROS/ex09/install/full_name_messages/lib/libfull_name_messages__rosidl_typesupport_fastrtps_c.so" to ""
-- Up-to-date: /home/fef2/ROS/ex09/install/full_name_messages/include/full_name_messages/full_name_messages
-- Up-to-date: /home/fef2/ROS/ex09/install/full_name_messages/include/full_name_messages/full_name_messages/msg
-- Up-to-date: /home/fef2/ROS/ex09/install/full_name_messages/include/full_name_messages/full_name_messages/msg/detail
-- Installing: /home/fef2/ROS/ex09/install/full_name_messages/include/full_name_messages/full_name_messages/msg/detail/full_name_message__struct.hpp
-- Installing: /home/fef2/ROS/ex09/install/full_name_messages/include/full_name_messages/full_name_messages/msg/detail/full_name_message__builder.hpp
-- Installing: /home/fef2/ROS/ex09/install/full_name_messages/include/full_name_messages/full_name_messages/msg/detail/full_name_message__traits.hpp
-- Installing: /home/fef2/ROS/ex09/install/full_name_messages/include/full_name_messages/full_name_messages/msg/full_name_message.hpp
-- Up-to-date: /home/fef2/ROS/ex09/install/full_name_messages/include/full_name_messages/full_name_messages/srv
-- Up-to-date: /home/fef2/ROS/ex09/install/full_name_messages/include/full_name_messages/full_name_messages/srv/detail
-- Installing: /home/fef2/ROS/ex09/install/full_name_messages/include/full_name_messages/full_name_messages/srv/detail/full_name_sum_service__struct.hpp
-- Installing: /home/fef2/ROS/ex09/install/full_name_messages/include/full_name_messages/full_name_messages/srv/detail/full_name_sum_service__traits.hpp
-- Installing: /home/fef2/ROS/ex09/install/full_name_messages/include/full_name_messages/full_name_messages/srv/detail/full_name_sum_service__builder.hpp
-- Installing: /home/fef2/ROS/ex09/install/full_name_messages/include/full_name_messages/full_name_messages/srv/full_name_sum_service.hpp
-- Up-to-date: /home/fef2/ROS/ex09/install/full_name_messages/include/full_name_messages/full_name_messages
-- Up-to-date: /home/fef2/ROS/ex09/install/full_name_messages/include/full_name_messages/full_name_messages/msg
-- Up-to-date: /home/fef2/ROS/ex09/install/full_name_messages/include/full_name_messages/full_name_messages/msg/detail
-- Installing: /home/fef2/ROS/ex09/install/full_name_messages/include/full_name_messages/full_name_messages/msg/detail/dds_fastrtps
-- Installing: /home/fef2/ROS/ex09/install/full_name_messages/include/full_name_messages/full_name_messages/msg/detail/full_name_message__rosidl_typesupport_fastrtps_cpp.hpp
-- Installing: /home/fef2/ROS/ex09/install/full_name_messages/include/full_name_messages/full_name_messages/msg/rosidl_typesupport_fastrtps_cpp__visibility_control.h
-- Up-to-date: /home/fef2/ROS/ex09/install/full_name_messages/include/full_name_messages/full_name_messages/srv
-- Up-to-date: /home/fef2/ROS/ex09/install/full_name_messages/include/full_name_messages/full_name_messages/srv/detail
-- Installing: /home/fef2/ROS/ex09/install/full_name_messages/include/full_name_messages/full_name_messages/srv/detail/dds_fastrtps
-- Installing: /home/fef2/ROS/ex09/install/full_name_messages/include/full_name_messages/full_name_messages/srv/detail/full_name_sum_service__rosidl_typesupport_fastrtps_cpp.hpp
-- Installing: /home/fef2/ROS/ex09/install/full_name_messages/lib/libfull_name_messages__rosidl_typesupport_fastrtps_cpp.so
-- Set runtime path of "/home/fef2/ROS/ex09/install/full_name_messages/lib/libfull_name_messages__rosidl_typesupport_fastrtps_cpp.so" to ""
-- Up-to-date: /home/fef2/ROS/ex09/install/full_name_messages/include/full_name_messages/full_name_messages
-- Up-to-date: /home/fef2/ROS/ex09/install/full_name_messages/include/full_name_messages/full_name_messages/msg
-- Up-to-date: /home/fef2/ROS/ex09/install/full_name_messages/include/full_name_messages/full_name_messages/msg/detail
-- Installing: /home/fef2/ROS/ex09/install/full_name_messages/include/full_name_messages/full_name_messages/msg/detail/full_name_message__type_support.c
-- Installing: /home/fef2/ROS/ex09/install/full_name_messages/include/full_name_messages/full_name_messages/msg/detail/full_name_message__rosidl_typesupport_introspection_c.h
-- Installing: /home/fef2/ROS/ex09/install/full_name_messages/include/full_name_messages/full_name_messages/msg/rosidl_typesupport_introspection_c__visibility_control.h
-- Up-to-date: /home/fef2/ROS/ex09/install/full_name_messages/include/full_name_messages/full_name_messages/srv
-- Up-to-date: /home/fef2/ROS/ex09/install/full_name_messages/include/full_name_messages/full_name_messages/srv/detail
-- Installing: /home/fef2/ROS/ex09/install/full_name_messages/include/full_name_messages/full_name_messages/srv/detail/full_name_sum_service__rosidl_typesupport_introspection_c.h
-- Installing: /home/fef2/ROS/ex09/install/full_name_messages/include/full_name_messages/full_name_messages/srv/detail/full_name_sum_service__type_support.c
-- Installing: /home/fef2/ROS/ex09/install/full_name_messages/lib/libfull_name_messages__rosidl_typesupport_introspection_c.so
-- Set runtime path of "/home/fef2/ROS/ex09/install/full_name_messages/lib/libfull_name_messages__rosidl_typesupport_introspection_c.so" to ""
-- Installing: /home/fef2/ROS/ex09/install/full_name_messages/lib/libfull_name_messages__rosidl_typesupport_c.so
-- Set runtime path of "/home/fef2/ROS/ex09/install/full_name_messages/lib/libfull_name_messages__rosidl_typesupport_c.so" to ""
-- Up-to-date: /home/fef2/ROS/ex09/install/full_name_messages/include/full_name_messages/full_name_messages
-- Up-to-date: /home/fef2/ROS/ex09/install/full_name_messages/include/full_name_messages/full_name_messages/msg
-- Up-to-date: /home/fef2/ROS/ex09/install/full_name_messages/include/full_name_messages/full_name_messages/msg/detail
-- Installing: /home/fef2/ROS/ex09/install/full_name_messages/include/full_name_messages/full_name_messages/msg/detail/full_name_message__rosidl_typesupport_introspection_cpp.hpp
-- Installing: /home/fef2/ROS/ex09/install/full_name_messages/include/full_name_messages/full_name_messages/msg/detail/full_name_message__type_support.cpp
-- Up-to-date: /home/fef2/ROS/ex09/install/full_name_messages/include/full_name_messages/full_name_messages/srv
-- Up-to-date: /home/fef2/ROS/ex09/install/full_name_messages/include/full_name_messages/full_name_messages/srv/detail
-- Installing: /home/fef2/ROS/ex09/install/full_name_messages/include/full_name_messages/full_name_messages/srv/detail/full_name_sum_service__type_support.cpp
-- Installing: /home/fef2/ROS/ex09/install/full_name_messages/include/full_name_messages/full_name_messages/srv/detail/full_name_sum_service__rosidl_typesupport_introspection_cpp.hpp
-- Installing: /home/fef2/ROS/ex09/install/full_name_messages/lib/libfull_name_messages__rosidl_typesupport_introspection_cpp.so
-- Set runtime path of "/home/fef2/ROS/ex09/install/full_name_messages/lib/libfull_name_messages__rosidl_typesupport_introspection_cpp.so" to ""
-- Installing: /home/fef2/ROS/ex09/install/full_name_messages/lib/libfull_name_messages__rosidl_typesupport_cpp.so
-- Set runtime path of "/home/fef2/ROS/ex09/install/full_name_messages/lib/libfull_name_messages__rosidl_typesupport_cpp.so" to ""
-- Installing: /home/fef2/ROS/ex09/install/full_name_messages/share/full_name_messages/environment/pythonpath.sh
-- Installing: /home/fef2/ROS/ex09/install/full_name_messages/share/full_name_messages/environment/pythonpath.dsv
-- Installing: /home/fef2/ROS/ex09/install/full_name_messages/local/lib/python3.10/dist-packages/full_name_messages-0.0.0-py3.10.egg-info
-- Installing: /home/fef2/ROS/ex09/install/full_name_messages/local/lib/python3.10/dist-packages/full_name_messages-0.0.0-py3.10.egg-info/top_level.txt
-- Installing: /home/fef2/ROS/ex09/install/full_name_messages/local/lib/python3.10/dist-packages/full_name_messages-0.0.0-py3.10.egg-info/dependency_links.txt
-- Installing: /home/fef2/ROS/ex09/install/full_name_messages/local/lib/python3.10/dist-packages/full_name_messages-0.0.0-py3.10.egg-info/SOURCES.txt
-- Installing: /home/fef2/ROS/ex09/install/full_name_messages/local/lib/python3.10/dist-packages/full_name_messages-0.0.0-py3.10.egg-info/PKG-INFO
-- Installing: /home/fef2/ROS/ex09/install/full_name_messages/local/lib/python3.10/dist-packages/full_name_messages
-- Installing: /home/fef2/ROS/ex09/install/full_name_messages/local/lib/python3.10/dist-packages/full_name_messages/full_name_messages_s__rosidl_typesupport_introspection_c.cpython-310-x86_64-linux-gnu.so
-- Installing: /home/fef2/ROS/ex09/install/full_name_messages/local/lib/python3.10/dist-packages/full_name_messages/full_name_messages_s__rosidl_typesupport_c.cpython-310-x86_64-linux-gnu.so
-- Installing: /home/fef2/ROS/ex09/install/full_name_messages/local/lib/python3.10/dist-packages/full_name_messages/__init__.py
-- Installing: /home/fef2/ROS/ex09/install/full_name_messages/local/lib/python3.10/dist-packages/full_name_messages/_full_name_messages_s.ep.rosidl_typesupport_c.c
-- Installing: /home/fef2/ROS/ex09/install/full_name_messages/local/lib/python3.10/dist-packages/full_name_messages/msg
-- Installing: /home/fef2/ROS/ex09/install/full_name_messages/local/lib/python3.10/dist-packages/full_name_messages/msg/_full_name_message.py
-- Installing: /home/fef2/ROS/ex09/install/full_name_messages/local/lib/python3.10/dist-packages/full_name_messages/msg/__init__.py
-- Installing: /home/fef2/ROS/ex09/install/full_name_messages/local/lib/python3.10/dist-packages/full_name_messages/msg/_full_name_message_s.c
-- Installing: /home/fef2/ROS/ex09/install/full_name_messages/local/lib/python3.10/dist-packages/full_name_messages/libfull_name_messages__rosidl_generator_py.so
-- Installing: /home/fef2/ROS/ex09/install/full_name_messages/local/lib/python3.10/dist-packages/full_name_messages/srv
-- Installing: /home/fef2/ROS/ex09/install/full_name_messages/local/lib/python3.10/dist-packages/full_name_messages/srv/__init__.py
-- Installing: /home/fef2/ROS/ex09/install/full_name_messages/local/lib/python3.10/dist-packages/full_name_messages/srv/_full_name_sum_service_s.c
-- Installing: /home/fef2/ROS/ex09/install/full_name_messages/local/lib/python3.10/dist-packages/full_name_messages/srv/_full_name_sum_service.py
-- Installing: /home/fef2/ROS/ex09/install/full_name_messages/local/lib/python3.10/dist-packages/full_name_messages/_full_name_messages_s.ep.rosidl_typesupport_fastrtps_c.c
-- Installing: /home/fef2/ROS/ex09/install/full_name_messages/local/lib/python3.10/dist-packages/full_name_messages/full_name_messages_s__rosidl_typesupport_fastrtps_c.cpython-310-x86_64-linux-gnu.so
-- Installing: /home/fef2/ROS/ex09/install/full_name_messages/local/lib/python3.10/dist-packages/full_name_messages/_full_name_messages_s.ep.rosidl_typesupport_introspection_c.c
Listing '/home/fef2/ROS/ex09/install/full_name_messages/local/lib/python3.10/dist-packages/full_name_messages'...
Compiling '/home/fef2/ROS/ex09/install/full_name_messages/local/lib/python3.10/dist-packages/full_name_messages/__init__.py'...
Listing '/home/fef2/ROS/ex09/install/full_name_messages/local/lib/python3.10/dist-packages/full_name_messages/msg'...
Compiling '/home/fef2/ROS/ex09/install/full_name_messages/local/lib/python3.10/dist-packages/full_name_messages/msg/__init__.py'...
Compiling '/home/fef2/ROS/ex09/install/full_name_messages/local/lib/python3.10/dist-packages/full_name_messages/msg/_full_name_message.py'...
Listing '/home/fef2/ROS/ex09/install/full_name_messages/local/lib/python3.10/dist-packages/full_name_messages/srv'...
Compiling '/home/fef2/ROS/ex09/install/full_name_messages/local/lib/python3.10/dist-packages/full_name_messages/srv/__init__.py'...
Compiling '/home/fef2/ROS/ex09/install/full_name_messages/local/lib/python3.10/dist-packages/full_name_messages/srv/_full_name_sum_service.py'...
-- Installing: /home/fef2/ROS/ex09/install/full_name_messages/local/lib/python3.10/dist-packages/full_name_messages/full_name_messages_s__rosidl_typesupport_fastrtps_c.cpython-310-x86_64-linux-gnu.so
-- Set runtime path of "/home/fef2/ROS/ex09/install/full_name_messages/local/lib/python3.10/dist-packages/full_name_messages/full_name_messages_s__rosidl_typesupport_fastrtps_c.cpython-310-x86_64-linux-gnu.so" to ""
-- Installing: /home/fef2/ROS/ex09/install/full_name_messages/local/lib/python3.10/dist-packages/full_name_messages/full_name_messages_s__rosidl_typesupport_introspection_c.cpython-310-x86_64-linux-gnu.so
-- Set runtime path of "/home/fef2/ROS/ex09/install/full_name_messages/local/lib/python3.10/dist-packages/full_name_messages/full_name_messages_s__rosidl_typesupport_introspection_c.cpython-310-x86_64-linux-gnu.so" to ""
-- Installing: /home/fef2/ROS/ex09/install/full_name_messages/local/lib/python3.10/dist-packages/full_name_messages/full_name_messages_s__rosidl_typesupport_c.cpython-310-x86_64-linux-gnu.so
-- Set runtime path of "/home/fef2/ROS/ex09/install/full_name_messages/local/lib/python3.10/dist-packages/full_name_messages/full_name_messages_s__rosidl_typesupport_c.cpython-310-x86_64-linux-gnu.so" to ""
-- Installing: /home/fef2/ROS/ex09/install/full_name_messages/lib/libfull_name_messages__rosidl_generator_py.so
-- Set runtime path of "/home/fef2/ROS/ex09/install/full_name_messages/lib/libfull_name_messages__rosidl_generator_py.so" to ""
-- Installing: /home/fef2/ROS/ex09/install/full_name_messages/share/full_name_messages/msg/FullNameMessage.idl
-- Installing: /home/fef2/ROS/ex09/install/full_name_messages/share/full_name_messages/srv/FullNameSumService.idl
-- Installing: /home/fef2/ROS/ex09/install/full_name_messages/share/full_name_messages/msg/FullNameMessage.msg
-- Installing: /home/fef2/ROS/ex09/install/full_name_messages/share/full_name_messages/srv/FullNameSumService.srv
-- Installing: /home/fef2/ROS/ex09/install/full_name_messages/share/full_name_messages/srv/FullNameSumService_Request.msg
-- Installing: /home/fef2/ROS/ex09/install/full_name_messages/share/full_name_messages/srv/FullNameSumService_Response.msg
-- Installing: /home/fef2/ROS/ex09/install/full_name_messages/share/ament_index/resource_index/package_run_dependencies/full_name_messages
-- Installing: /home/fef2/ROS/ex09/install/full_name_messages/share/ament_index/resource_index/parent_prefix_path/full_name_messages
-- Installing: /home/fef2/ROS/ex09/install/full_name_messages/share/full_name_messages/environment/ament_prefix_path.sh
-- Installing: /home/fef2/ROS/ex09/install/full_name_messages/share/full_name_messages/environment/ament_prefix_path.dsv
-- Installing: /home/fef2/ROS/ex09/install/full_name_messages/share/full_name_messages/environment/path.sh
-- Installing: /home/fef2/ROS/ex09/install/full_name_messages/share/full_name_messages/environment/path.dsv
-- Installing: /home/fef2/ROS/ex09/install/full_name_messages/share/full_name_messages/local_setup.bash
-- Installing: /home/fef2/ROS/ex09/install/full_name_messages/share/full_name_messages/local_setup.sh
-- Installing: /home/fef2/ROS/ex09/install/full_name_messages/share/full_name_messages/local_setup.zsh
-- Installing: /home/fef2/ROS/ex09/install/full_name_messages/share/full_name_messages/local_setup.dsv
-- Installing: /home/fef2/ROS/ex09/install/full_name_messages/share/full_name_messages/package.dsv
-- Installing: /home/fef2/ROS/ex09/install/full_name_messages/share/ament_index/resource_index/packages/full_name_messages
-- Installing: /home/fef2/ROS/ex09/install/full_name_messages/share/full_name_messages/cmake/export_full_name_messages__rosidl_generator_cExport.cmake
-- Installing: /home/fef2/ROS/ex09/install/full_name_messages/share/full_name_messages/cmake/export_full_name_messages__rosidl_generator_cExport-noconfig.cmake
-- Installing: /home/fef2/ROS/ex09/install/full_name_messages/share/full_name_messages/cmake/export_full_name_messages__rosidl_typesupport_fastrtps_cExport.cmake
-- Installing: /home/fef2/ROS/ex09/install/full_name_messages/share/full_name_messages/cmake/export_full_name_messages__rosidl_typesupport_fastrtps_cExport-noconfig.cmake
-- Installing: /home/fef2/ROS/ex09/install/full_name_messages/share/full_name_messages/cmake/export_full_name_messages__rosidl_generator_cppExport.cmake
-- Installing: /home/fef2/ROS/ex09/install/full_name_messages/share/full_name_messages/cmake/export_full_name_messages__rosidl_typesupport_fastrtps_cppExport.cmake
-- Installing: /home/fef2/ROS/ex09/install/full_name_messages/share/full_name_messages/cmake/export_full_name_messages__rosidl_typesupport_fastrtps_cppExport-noconfig.cmake
-- Installing: /home/fef2/ROS/ex09/install/full_name_messages/share/full_name_messages/cmake/full_name_messages__rosidl_typesupport_introspection_cExport.cmake
-- Installing: /home/fef2/ROS/ex09/install/full_name_messages/share/full_name_messages/cmake/full_name_messages__rosidl_typesupport_introspection_cExport-noconfig.cmake
-- Installing: /home/fef2/ROS/ex09/install/full_name_messages/share/full_name_messages/cmake/full_name_messages__rosidl_typesupport_cExport.cmake
-- Installing: /home/fef2/ROS/ex09/install/full_name_messages/share/full_name_messages/cmake/full_name_messages__rosidl_typesupport_cExport-noconfig.cmake
-- Installing: /home/fef2/ROS/ex09/install/full_name_messages/share/full_name_messages/cmake/full_name_messages__rosidl_typesupport_introspection_cppExport.cmake
-- Installing: /home/fef2/ROS/ex09/install/full_name_messages/share/full_name_messages/cmake/full_name_messages__rosidl_typesupport_introspection_cppExport-noconfig.cmake
-- Installing: /home/fef2/ROS/ex09/install/full_name_messages/share/full_name_messages/cmake/full_name_messages__rosidl_typesupport_cppExport.cmake
-- Installing: /home/fef2/ROS/ex09/install/full_name_messages/share/full_name_messages/cmake/full_name_messages__rosidl_typesupport_cppExport-noconfig.cmake
-- Installing: /home/fef2/ROS/ex09/install/full_name_messages/share/full_name_messages/cmake/export_full_name_messages__rosidl_generator_pyExport.cmake
-- Installing: /home/fef2/ROS/ex09/install/full_name_messages/share/full_name_messages/cmake/export_full_name_messages__rosidl_generator_pyExport-noconfig.cmake
-- Installing: /home/fef2/ROS/ex09/install/full_name_messages/share/full_name_messages/cmake/rosidl_cmake-extras.cmake
-- Installing: /home/fef2/ROS/ex09/install/full_name_messages/share/full_name_messages/cmake/ament_cmake_export_include_directories-extras.cmake
-- Installing: /home/fef2/ROS/ex09/install/full_name_messages/share/full_name_messages/cmake/ament_cmake_export_libraries-extras.cmake
-- Installing: /home/fef2/ROS/ex09/install/full_name_messages/share/full_name_messages/cmake/ament_cmake_export_targets-extras.cmake
-- Installing: /home/fef2/ROS/ex09/install/full_name_messages/share/full_name_messages/cmake/rosidl_cmake_export_typesupport_targets-extras.cmake
-- Installing: /home/fef2/ROS/ex09/install/full_name_messages/share/full_name_messages/cmake/ament_cmake_export_dependencies-extras.cmake
-- Installing: /home/fef2/ROS/ex09/install/full_name_messages/share/full_name_messages/cmake/rosidl_cmake_export_typesupport_libraries-extras.cmake
-- Installing: /home/fef2/ROS/ex09/install/full_name_messages/share/full_name_messages/cmake/full_name_messagesConfig.cmake
-- Installing: /home/fef2/ROS/ex09/install/full_name_messages/share/full_name_messages/cmake/full_name_messagesConfig-version.cmake
-- Installing: /home/fef2/ROS/ex09/install/full_name_messages/share/full_name_messages/package.xml
