[0.150s] DEBUG:colcon:Command line arguments: ['/usr/bin/colcon', 'build']
[0.150s] DEBUG:colcon:Parsed command line arguments: Namespace(log_base=None, log_level=None, verb_name='build', build_base='build', install_base='install', merge_install=False, symlink_install=False, test_result_base=None, continue_on_error=False, executor='parallel', parallel_workers=12, event_handlers=None, ignore_user_meta=False, metas=['./colcon.meta'], base_paths=['.'], packages_ignore=None, packages_ignore_regex=None, paths=None, packages_up_to=None, packages_up_to_regex=None, packages_above=None, packages_above_and_dependencies=None, packages_above_depth=None, packages_select_by_dep=None, packages_skip_by_dep=None, packages_skip_up_to=None, packages_select_build_failed=False, packages_skip_build_finished=False, packages_select_test_failures=False, packages_skip_test_passed=False, packages_select=None, packages_skip=None, packages_select_regex=None, packages_skip_regex=None, packages_start=None, packages_end=None, allow_overriding=[], cmake_args=None, cmake_target=None, cmake_target_skip_unavailable=False, cmake_clean_cache=False, cmake_clean_first=False, cmake_force_configure=False, ament_cmake_args=None, catkin_cmake_args=None, catkin_skip_building_tests=False, mixin_files=None, mixin=None, verb_parser=<colcon_mixin.mixin.mixin_argument.MixinArgumentDecorator object at 0x7f8b69726e90>, verb_extension=<colcon_core.verb.build.BuildVerb object at 0x7f8b697268f0>, main=<bound method BuildVerb.main of <colcon_core.verb.build.BuildVerb object at 0x7f8b697268f0>>, mixin_verb=('build',))
[0.375s] Level 1:colcon.colcon_core.package_discovery:discover_packages(colcon_meta) check parameters
[0.375s] Level 1:colcon.colcon_core.package_discovery:discover_packages(recursive) check parameters
[0.375s] Level 1:colcon.colcon_core.package_discovery:discover_packages(ignore) check parameters
[0.375s] Level 1:colcon.colcon_core.package_discovery:discover_packages(path) check parameters
[0.375s] Level 1:colcon.colcon_core.package_discovery:discover_packages(colcon_meta) discover
[0.375s] Level 1:colcon.colcon_core.package_discovery:discover_packages(recursive) discover
[0.375s] INFO:colcon.colcon_core.package_discovery:Crawling recursively for packages in '/home/fef2/ROS/ex09'
[0.375s] Level 1:colcon.colcon_core.package_identification:_identify(.) by extensions ['ignore', 'ignore_ament_install']
[0.375s] Level 1:colcon.colcon_core.package_identification:_identify(.) by extension 'ignore'
[0.376s] Level 1:colcon.colcon_core.package_identification:_identify(.) by extension 'ignore_ament_install'
[0.376s] Level 1:colcon.colcon_core.package_identification:_identify(.) by extensions ['colcon_pkg']
[0.376s] Level 1:colcon.colcon_core.package_identification:_identify(.) by extension 'colcon_pkg'
[0.376s] Level 1:colcon.colcon_core.package_identification:_identify(.) by extensions ['colcon_meta']
[0.376s] Level 1:colcon.colcon_core.package_identification:_identify(.) by extension 'colcon_meta'
[0.376s] Level 1:colcon.colcon_core.package_identification:_identify(.) by extensions ['ros']
[0.376s] Level 1:colcon.colcon_core.package_identification:_identify(.) by extension 'ros'
[0.391s] Level 1:colcon.colcon_core.package_identification:_identify(.) by extensions ['cmake', 'python']
[0.392s] Level 1:colcon.colcon_core.package_identification:_identify(.) by extension 'cmake'
[0.392s] Level 1:colcon.colcon_core.package_identification:_identify(.) by extension 'python'
[0.392s] Level 1:colcon.colcon_core.package_identification:_identify(.) by extensions ['python_setup_py']
[0.392s] Level 1:colcon.colcon_core.package_identification:_identify(.) by extension 'python_setup_py'
[0.392s] Level 1:colcon.colcon_core.package_identification:_identify(build) by extensions ['ignore', 'ignore_ament_install']
[0.392s] Level 1:colcon.colcon_core.package_identification:_identify(build) by extension 'ignore'
[0.392s] Level 1:colcon.colcon_core.package_identification:_identify(build) ignored
[0.392s] Level 1:colcon.colcon_core.package_identification:_identify(full_name_mesages) by extensions ['ignore', 'ignore_ament_install']
[0.392s] Level 1:colcon.colcon_core.package_identification:_identify(full_name_mesages) by extension 'ignore'
[0.392s] Level 1:colcon.colcon_core.package_identification:_identify(full_name_mesages) by extension 'ignore_ament_install'
[0.392s] Level 1:colcon.colcon_core.package_identification:_identify(full_name_mesages) by extensions ['colcon_pkg']
[0.393s] Level 1:colcon.colcon_core.package_identification:_identify(full_name_mesages) by extension 'colcon_pkg'
[0.393s] Level 1:colcon.colcon_core.package_identification:_identify(full_name_mesages) by extensions ['colcon_meta']
[0.393s] Level 1:colcon.colcon_core.package_identification:_identify(full_name_mesages) by extension 'colcon_meta'
[0.393s] Level 1:colcon.colcon_core.package_identification:_identify(full_name_mesages) by extensions ['ros']
[0.393s] Level 1:colcon.colcon_core.package_identification:_identify(full_name_mesages) by extension 'ros'
[0.396s] DEBUG:colcon.colcon_core.package_identification:Package 'full_name_mesages' with type 'ros.ament_cmake' and name 'full_name_messages'
[0.396s] Level 1:colcon.colcon_core.package_identification:_identify(install) by extensions ['ignore', 'ignore_ament_install']
[0.396s] Level 1:colcon.colcon_core.package_identification:_identify(install) by extension 'ignore'
[0.396s] Level 1:colcon.colcon_core.package_identification:_identify(install) ignored
[0.396s] Level 1:colcon.colcon_core.package_identification:_identify(log) by extensions ['ignore', 'ignore_ament_install']
[0.397s] Level 1:colcon.colcon_core.package_identification:_identify(log) by extension 'ignore'
[0.397s] Level 1:colcon.colcon_core.package_identification:_identify(log) ignored
[0.397s] Level 1:colcon.colcon_core.package_discovery:discover_packages(recursive) using defaults
[0.397s] Level 1:colcon.colcon_core.package_discovery:discover_packages(ignore) discover
[0.397s] Level 1:colcon.colcon_core.package_discovery:discover_packages(ignore) using defaults
[0.397s] Level 1:colcon.colcon_core.package_discovery:discover_packages(path) discover
[0.397s] Level 1:colcon.colcon_core.package_discovery:discover_packages(path) using defaults
[0.425s] Level 1:colcon.colcon_core.package_discovery:discover_packages(prefix_path) check parameters
[0.425s] Level 1:colcon.colcon_core.package_discovery:discover_packages(prefix_path) discover
[0.448s] DEBUG:colcon.colcon_installed_package_information.package_discovery:Found 1 installed packages in /home/fef2/ROS/ex09/install
[0.450s] DEBUG:colcon.colcon_installed_package_information.package_discovery:Found 270 installed packages in /opt/ros/humble
[0.451s] Level 1:colcon.colcon_core.package_discovery:discover_packages(prefix_path) using defaults
[0.501s] Level 5:colcon.colcon_core.verb:set package 'full_name_messages' build argument 'cmake_args' from command line to 'None'
[0.501s] Level 5:colcon.colcon_core.verb:set package 'full_name_messages' build argument 'cmake_target' from command line to 'None'
[0.501s] Level 5:colcon.colcon_core.verb:set package 'full_name_messages' build argument 'cmake_target_skip_unavailable' from command line to 'False'
[0.501s] Level 5:colcon.colcon_core.verb:set package 'full_name_messages' build argument 'cmake_clean_cache' from command line to 'False'
[0.501s] Level 5:colcon.colcon_core.verb:set package 'full_name_messages' build argument 'cmake_clean_first' from command line to 'False'
[0.501s] Level 5:colcon.colcon_core.verb:set package 'full_name_messages' build argument 'cmake_force_configure' from command line to 'False'
[0.501s] Level 5:colcon.colcon_core.verb:set package 'full_name_messages' build argument 'ament_cmake_args' from command line to 'None'
[0.501s] Level 5:colcon.colcon_core.verb:set package 'full_name_messages' build argument 'catkin_cmake_args' from command line to 'None'
[0.501s] Level 5:colcon.colcon_core.verb:set package 'full_name_messages' build argument 'catkin_skip_building_tests' from command line to 'False'
[0.501s] DEBUG:colcon.colcon_core.verb:Building package 'full_name_messages' with the following arguments: {'ament_cmake_args': None, 'build_base': '/home/fef2/ROS/ex09/build/full_name_messages', 'catkin_cmake_args': None, 'catkin_skip_building_tests': False, 'cmake_args': None, 'cmake_clean_cache': False, 'cmake_clean_first': False, 'cmake_force_configure': False, 'cmake_target': None, 'cmake_target_skip_unavailable': False, 'install_base': '/home/fef2/ROS/ex09/install/full_name_messages', 'merge_install': False, 'path': '/home/fef2/ROS/ex09/full_name_mesages', 'symlink_install': False, 'test_result_base': None}
[0.501s] INFO:colcon.colcon_core.executor:Executing jobs using 'parallel' executor
[0.503s] DEBUG:colcon.colcon_parallel_executor.executor.parallel:run_until_complete
[0.503s] INFO:colcon.colcon_ros.task.ament_cmake.build:Building ROS package in '/home/fef2/ROS/ex09/full_name_mesages' with build type 'ament_cmake'
[0.503s] INFO:colcon.colcon_cmake.task.cmake.build:Building CMake package in '/home/fef2/ROS/ex09/full_name_mesages'
[0.506s] INFO:colcon.colcon_core.plugin_system:Skipping extension 'colcon_core.shell.bat': Not used on non-Windows systems
[0.506s] INFO:colcon.colcon_core.shell:Skip shell extension 'powershell' for command environment: Not usable outside of PowerShell
[0.507s] DEBUG:colcon.colcon_core.shell:Skip shell extension 'dsv' for command environment
[0.523s] DEBUG:colcon.colcon_core.event_handler.log_command:Invoking command in '/home/fef2/ROS/ex09/build/full_name_messages': CMAKE_PREFIX_PATH=${CMAKE_PREFIX_PATH}:/opt/ros/humble /usr/bin/cmake --build /home/fef2/ROS/ex09/build/full_name_messages -- -j12 -l12
[1.043s] DEBUG:colcon.colcon_core.event_handler.log_command:Invoked command in '/home/fef2/ROS/ex09/build/full_name_messages' returned '0': CMAKE_PREFIX_PATH=${CMAKE_PREFIX_PATH}:/opt/ros/humble /usr/bin/cmake --build /home/fef2/ROS/ex09/build/full_name_messages -- -j12 -l12
[1.202s] DEBUG:colcon.colcon_core.event_handler.log_command:Invoking command in '/home/fef2/ROS/ex09/build/full_name_messages': CMAKE_PREFIX_PATH=${CMAKE_PREFIX_PATH}:/opt/ros/humble /usr/bin/cmake --install /home/fef2/ROS/ex09/build/full_name_messages
[1.296s] Level 1:colcon.colcon_core.environment:create_environment_scripts_only(full_name_messages)
[1.297s] DEBUG:colcon.colcon_core.event_handler.log_command:Invoked command in '/home/fef2/ROS/ex09/build/full_name_messages' returned '0': CMAKE_PREFIX_PATH=${CMAKE_PREFIX_PATH}:/opt/ros/humble /usr/bin/cmake --install /home/fef2/ROS/ex09/build/full_name_messages
[1.301s] Level 1:colcon.colcon_core.environment:checking '/home/fef2/ROS/ex09/install/full_name_messages' for CMake module files
[1.302s] Level 1:colcon.colcon_core.environment:checking '/home/fef2/ROS/ex09/install/full_name_messages' for CMake config files
[1.302s] Level 1:colcon.colcon_core.shell:create_environment_hook('full_name_messages', 'cmake_prefix_path')
[1.303s] INFO:colcon.colcon_core.shell:Creating environment hook '/home/fef2/ROS/ex09/install/full_name_messages/share/full_name_messages/hook/cmake_prefix_path.ps1'
[1.303s] INFO:colcon.colcon_core.shell:Creating environment descriptor '/home/fef2/ROS/ex09/install/full_name_messages/share/full_name_messages/hook/cmake_prefix_path.dsv'
[1.304s] INFO:colcon.colcon_core.shell:Creating environment hook '/home/fef2/ROS/ex09/install/full_name_messages/share/full_name_messages/hook/cmake_prefix_path.sh'
[1.306s] Level 1:colcon.colcon_core.environment:checking '/home/fef2/ROS/ex09/install/full_name_messages/lib'
[1.306s] Level 1:colcon.colcon_core.shell:create_environment_hook('full_name_messages', 'ld_library_path_lib')
[1.307s] INFO:colcon.colcon_core.shell:Creating environment hook '/home/fef2/ROS/ex09/install/full_name_messages/share/full_name_messages/hook/ld_library_path_lib.ps1'
[1.308s] INFO:colcon.colcon_core.shell:Creating environment descriptor '/home/fef2/ROS/ex09/install/full_name_messages/share/full_name_messages/hook/ld_library_path_lib.dsv'
[1.309s] INFO:colcon.colcon_core.shell:Creating environment hook '/home/fef2/ROS/ex09/install/full_name_messages/share/full_name_messages/hook/ld_library_path_lib.sh'
[1.309s] Level 1:colcon.colcon_core.environment:checking '/home/fef2/ROS/ex09/install/full_name_messages/bin'
[1.310s] Level 1:colcon.colcon_core.environment:checking '/home/fef2/ROS/ex09/install/full_name_messages/lib/pkgconfig/full_name_messages.pc'
[1.310s] Level 1:colcon.colcon_core.environment:checking '/home/fef2/ROS/ex09/install/full_name_messages/lib/python3.10/site-packages'
[1.310s] Level 1:colcon.colcon_core.environment:checking '/home/fef2/ROS/ex09/install/full_name_messages/bin'
[1.311s] INFO:colcon.colcon_core.shell:Creating package script '/home/fef2/ROS/ex09/install/full_name_messages/share/full_name_messages/package.ps1'
[1.313s] INFO:colcon.colcon_core.shell:Creating package descriptor '/home/fef2/ROS/ex09/install/full_name_messages/share/full_name_messages/package.dsv'
[1.314s] INFO:colcon.colcon_core.shell:Creating package script '/home/fef2/ROS/ex09/install/full_name_messages/share/full_name_messages/package.sh'
[1.316s] INFO:colcon.colcon_core.shell:Creating package script '/home/fef2/ROS/ex09/install/full_name_messages/share/full_name_messages/package.bash'
[1.318s] INFO:colcon.colcon_core.shell:Creating package script '/home/fef2/ROS/ex09/install/full_name_messages/share/full_name_messages/package.zsh'
[1.319s] Level 1:colcon.colcon_core.environment:create_file_with_runtime_dependencies(/home/fef2/ROS/ex09/install/full_name_messages/share/colcon-core/packages/full_name_messages)
[1.452s] Level 1:colcon.colcon_core.environment:create_environment_scripts_only(full_name_messages)
[1.453s] Level 1:colcon.colcon_core.environment:checking '/home/fef2/ROS/ex09/install/full_name_messages' for CMake module files
[1.453s] Level 1:colcon.colcon_core.environment:checking '/home/fef2/ROS/ex09/install/full_name_messages' for CMake config files
[1.454s] Level 1:colcon.colcon_core.shell:create_environment_hook('full_name_messages', 'cmake_prefix_path')
[1.454s] INFO:colcon.colcon_core.shell:Creating environment hook '/home/fef2/ROS/ex09/install/full_name_messages/share/full_name_messages/hook/cmake_prefix_path.ps1'
[1.455s] INFO:colcon.colcon_core.shell:Creating environment descriptor '/home/fef2/ROS/ex09/install/full_name_messages/share/full_name_messages/hook/cmake_prefix_path.dsv'
[1.455s] INFO:colcon.colcon_core.shell:Creating environment hook '/home/fef2/ROS/ex09/install/full_name_messages/share/full_name_messages/hook/cmake_prefix_path.sh'
[1.456s] Level 1:colcon.colcon_core.environment:checking '/home/fef2/ROS/ex09/install/full_name_messages/lib'
[1.456s] Level 1:colcon.colcon_core.shell:create_environment_hook('full_name_messages', 'ld_library_path_lib')
[1.456s] INFO:colcon.colcon_core.shell:Creating environment hook '/home/fef2/ROS/ex09/install/full_name_messages/share/full_name_messages/hook/ld_library_path_lib.ps1'
[1.456s] INFO:colcon.colcon_core.shell:Creating environment descriptor '/home/fef2/ROS/ex09/install/full_name_messages/share/full_name_messages/hook/ld_library_path_lib.dsv'
[1.457s] INFO:colcon.colcon_core.shell:Creating environment hook '/home/fef2/ROS/ex09/install/full_name_messages/share/full_name_messages/hook/ld_library_path_lib.sh'
[1.457s] Level 1:colcon.colcon_core.environment:checking '/home/fef2/ROS/ex09/install/full_name_messages/bin'
[1.457s] Level 1:colcon.colcon_core.environment:checking '/home/fef2/ROS/ex09/install/full_name_messages/lib/pkgconfig/full_name_messages.pc'
[1.458s] Level 1:colcon.colcon_core.environment:checking '/home/fef2/ROS/ex09/install/full_name_messages/lib/python3.10/site-packages'
[1.458s] Level 1:colcon.colcon_core.environment:checking '/home/fef2/ROS/ex09/install/full_name_messages/bin'
[1.458s] INFO:colcon.colcon_core.shell:Creating package script '/home/fef2/ROS/ex09/install/full_name_messages/share/full_name_messages/package.ps1'
[1.459s] INFO:colcon.colcon_core.shell:Creating package descriptor '/home/fef2/ROS/ex09/install/full_name_messages/share/full_name_messages/package.dsv'
[1.460s] INFO:colcon.colcon_core.shell:Creating package script '/home/fef2/ROS/ex09/install/full_name_messages/share/full_name_messages/package.sh'
[1.460s] INFO:colcon.colcon_core.shell:Creating package script '/home/fef2/ROS/ex09/install/full_name_messages/share/full_name_messages/package.bash'
[1.461s] INFO:colcon.colcon_core.shell:Creating package script '/home/fef2/ROS/ex09/install/full_name_messages/share/full_name_messages/package.zsh'
[1.461s] Level 1:colcon.colcon_core.environment:create_file_with_runtime_dependencies(/home/fef2/ROS/ex09/install/full_name_messages/share/colcon-core/packages/full_name_messages)
[1.462s] DEBUG:colcon.colcon_parallel_executor.executor.parallel:closing loop
[1.462s] DEBUG:colcon.colcon_parallel_executor.executor.parallel:loop closed
[1.462s] DEBUG:colcon.colcon_parallel_executor.executor.parallel:run_until_complete finished with '0'
[1.462s] DEBUG:colcon.colcon_core.event_reactor:joining thread
[1.472s] INFO:colcon.colcon_core.plugin_system:Skipping extension 'colcon_notification.desktop_notification.terminal_notifier': Not used on non-Darwin systems
[1.472s] INFO:colcon.colcon_core.plugin_system:Skipping extension 'colcon_notification.desktop_notification.win32': Not used on non-Windows systems
[1.472s] INFO:colcon.colcon_notification.desktop_notification:Sending desktop notification using 'notify2'
[1.491s] DEBUG:colcon.colcon_core.event_reactor:joined thread
[1.492s] INFO:colcon.colcon_core.shell:Creating prefix script '/home/fef2/ROS/ex09/install/local_setup.ps1'
[1.494s] INFO:colcon.colcon_core.shell:Creating prefix util module '/home/fef2/ROS/ex09/install/_local_setup_util_ps1.py'
[1.498s] INFO:colcon.colcon_core.shell:Creating prefix chain script '/home/fef2/ROS/ex09/install/setup.ps1'
[1.500s] INFO:colcon.colcon_core.shell:Creating prefix script '/home/fef2/ROS/ex09/install/local_setup.sh'
[1.501s] INFO:colcon.colcon_core.shell:Creating prefix util module '/home/fef2/ROS/ex09/install/_local_setup_util_sh.py'
[1.502s] INFO:colcon.colcon_core.shell:Creating prefix chain script '/home/fef2/ROS/ex09/install/setup.sh'
[1.505s] INFO:colcon.colcon_core.shell:Creating prefix script '/home/fef2/ROS/ex09/install/local_setup.bash'
[1.506s] INFO:colcon.colcon_core.shell:Creating prefix chain script '/home/fef2/ROS/ex09/install/setup.bash'
[1.508s] INFO:colcon.colcon_core.shell:Creating prefix script '/home/fef2/ROS/ex09/install/local_setup.zsh'
[1.509s] INFO:colcon.colcon_core.shell:Creating prefix chain script '/home/fef2/ROS/ex09/install/setup.zsh'
