[  2%] Built target full_name_messages__cpp
[ 12%] Built target full_name_messages__rosidl_generator_c
[ 12%] Built target ament_cmake_python_copy_full_name_messages
[ 25%] Built target full_name_messages__rosidl_typesupport_introspection_c
[ 43%] Built target full_name_messages__rosidl_typesupport_fastrtps_c
[ 51%] Built target full_name_messages__rosidl_typesupport_introspection_cpp
[ 53%] Built target full_name_messages__rosidl_typesupport_cpp
[ 64%] Built target full_name_messages__rosidl_typesupport_c
[ 74%] Built target full_name_messages__rosidl_typesupport_fastrtps_cpp
[ 74%] Built target full_name_messages
[ 76%] Built target full_name_messages__py
[ 84%] Built target full_name_messages__rosidl_generator_py
[ 89%] Built target full_name_messages__rosidl_typesupport_introspection_c__pyext
[ 94%] Built target full_name_messages__rosidl_typesupport_c__pyext
[100%] Built target full_name_messages__rosidl_typesupport_fastrtps_c__pyext
running egg_info
writing full_name_messages.egg-info/PKG-INFO
writing dependency_links to full_name_messages.egg-info/dependency_links.txt
writing top-level names to full_name_messages.egg-info/top_level.txt
reading manifest file 'full_name_messages.egg-info/SOURCES.txt'
writing manifest file 'full_name_messages.egg-info/SOURCES.txt'
[100%] Built target ament_cmake_python_build_full_name_messages_egg
-- Install configuration: ""
-- Up-to-date: /home/fef2/ROS/ex09/install/full_name_messages/share/ament_index/resource_index/rosidl_interfaces/full_name_messages
-- Up-to-date: /home/fef2/ROS/ex09/install/full_name_messages/include/full_name_messages/full_name_messages
-- Up-to-date: /home/fef2/ROS/ex09/install/full_name_messages/include/full_name_messages/full_name_messages/msg
-- Up-to-date: /home/fef2/ROS/ex09/install/full_name_messages/include/full_name_messages/full_name_messages/msg/rosidl_generator_c__visibility_control.h
-- Up-to-date: /home/fef2/ROS/ex09/install/full_name_messages/include/full_name_messages/full_name_messages/msg/detail
-- Up-to-date: /home/fef2/ROS/ex09/install/full_name_messages/include/full_name_messages/full_name_messages/msg/detail/full_name_message__struct.h
-- Up-to-date: /home/fef2/ROS/ex09/install/full_name_messages/include/full_name_messages/full_name_messages/msg/detail/full_name_message__functions.h
-- Up-to-date: /home/fef2/ROS/ex09/install/full_name_messages/include/full_name_messages/full_name_messages/msg/detail/full_name_message__type_support.h
-- Up-to-date: /home/fef2/ROS/ex09/install/full_name_messages/include/full_name_messages/full_name_messages/msg/detail/full_name_message__functions.c
-- Up-to-date: /home/fef2/ROS/ex09/install/full_name_messages/include/full_name_messages/full_name_messages/msg/full_name_message.h
-- Up-to-date: /home/fef2/ROS/ex09/install/full_name_messages/include/full_name_messages/full_name_messages/srv
-- Up-to-date: /home/fef2/ROS/ex09/install/full_name_messages/include/full_name_messages/full_name_messages/srv/detail
-- Up-to-date: /home/fef2/ROS/ex09/install/full_name_messages/include/full_name_messages/full_name_messages/srv/detail/full_name_sum_service__type_support.h
-- Up-to-date: /home/fef2/ROS/ex09/install/full_name_messages/include/full_name_messages/full_name_messages/srv/detail/full_name_sum_service__struct.h
-- Up-to-date: /home/fef2/ROS/ex09/install/full_name_messages/include/full_name_messages/full_name_messages/srv/detail/full_name_sum_service__functions.c
-- Up-to-date: /home/fef2/ROS/ex09/install/full_name_messages/include/full_name_messages/full_name_messages/srv/detail/full_name_sum_service__functions.h
-- Up-to-date: /home/fef2/ROS/ex09/install/full_name_messages/include/full_name_messages/full_name_messages/srv/full_name_sum_service.h
-- Up-to-date: /home/fef2/ROS/ex09/install/full_name_messages/share/full_name_messages/environment/library_path.sh
-- Up-to-date: /home/fef2/ROS/ex09/install/full_name_messages/share/full_name_messages/environment/library_path.dsv
-- Up-to-date: /home/fef2/ROS/ex09/install/full_name_messages/lib/libfull_name_messages__rosidl_generator_c.so
-- Up-to-date: /home/fef2/ROS/ex09/install/full_name_messages/include/full_name_messages/full_name_messages
-- Up-to-date: /home/fef2/ROS/ex09/install/full_name_messages/include/full_name_messages/full_name_messages/msg
-- Up-to-date: /home/fef2/ROS/ex09/install/full_name_messages/include/full_name_messages/full_name_messages/msg/detail
-- Up-to-date: /home/fef2/ROS/ex09/install/full_name_messages/include/full_name_messages/full_name_messages/msg/detail/full_name_message__rosidl_typesupport_fastrtps_c.h
-- Up-to-date: /home/fef2/ROS/ex09/install/full_name_messages/include/full_name_messages/full_name_messages/msg/rosidl_typesupport_fastrtps_c__visibility_control.h
-- Up-to-date: /home/fef2/ROS/ex09/install/full_name_messages/include/full_name_messages/full_name_messages/srv
-- Up-to-date: /home/fef2/ROS/ex09/install/full_name_messages/include/full_name_messages/full_name_messages/srv/detail
-- Up-to-date: /home/fef2/ROS/ex09/install/full_name_messages/include/full_name_messages/full_name_messages/srv/detail/full_name_sum_service__rosidl_typesupport_fastrtps_c.h
-- Up-to-date: /home/fef2/ROS/ex09/install/full_name_messages/lib/libfull_name_messages__rosidl_typesupport_fastrtps_c.so
-- Up-to-date: /home/fef2/ROS/ex09/install/full_name_messages/include/full_name_messages/full_name_messages
-- Up-to-date: /home/fef2/ROS/ex09/install/full_name_messages/include/full_name_messages/full_name_messages/msg
-- Up-to-date: /home/fef2/ROS/ex09/install/full_name_messages/include/full_name_messages/full_name_messages/msg/detail
-- Up-to-date: /home/fef2/ROS/ex09/install/full_name_messages/include/full_name_messages/full_name_messages/msg/detail/full_name_message__struct.hpp
-- Up-to-date: /home/fef2/ROS/ex09/install/full_name_messages/include/full_name_messages/full_name_messages/msg/detail/full_name_message__builder.hpp
-- Up-to-date: /home/fef2/ROS/ex09/install/full_name_messages/include/full_name_messages/full_name_messages/msg/detail/full_name_message__traits.hpp
-- Up-to-date: /home/fef2/ROS/ex09/install/full_name_messages/include/full_name_messages/full_name_messages/msg/full_name_message.hpp
-- Up-to-date: /home/fef2/ROS/ex09/install/full_name_messages/include/full_name_messages/full_name_messages/srv
-- Up-to-date: /home/fef2/ROS/ex09/install/full_name_messages/include/full_name_messages/full_name_messages/srv/detail
-- Up-to-date: /home/fef2/ROS/ex09/install/full_name_messages/include/full_name_messages/full_name_messages/srv/detail/full_name_sum_service__struct.hpp
-- Up-to-date: /home/fef2/ROS/ex09/install/full_name_messages/include/full_name_messages/full_name_messages/srv/detail/full_name_sum_service__traits.hpp
-- Up-to-date: /home/fef2/ROS/ex09/install/full_name_messages/include/full_name_messages/full_name_messages/srv/detail/full_name_sum_service__builder.hpp
-- Up-to-date: /home/fef2/ROS/ex09/install/full_name_messages/include/full_name_messages/full_name_messages/srv/full_name_sum_service.hpp
-- Up-to-date: /home/fef2/ROS/ex09/install/full_name_messages/include/full_name_messages/full_name_messages
-- Up-to-date: /home/fef2/ROS/ex09/install/full_name_messages/include/full_name_messages/full_name_messages/msg
-- Up-to-date: /home/fef2/ROS/ex09/install/full_name_messages/include/full_name_messages/full_name_messages/msg/detail
-- Up-to-date: /home/fef2/ROS/ex09/install/full_name_messages/include/full_name_messages/full_name_messages/msg/detail/dds_fastrtps
-- Up-to-date: /home/fef2/ROS/ex09/install/full_name_messages/include/full_name_messages/full_name_messages/msg/detail/full_name_message__rosidl_typesupport_fastrtps_cpp.hpp
-- Up-to-date: /home/fef2/ROS/ex09/install/full_name_messages/include/full_name_messages/full_name_messages/msg/rosidl_typesupport_fastrtps_cpp__visibility_control.h
-- Up-to-date: /home/fef2/ROS/ex09/install/full_name_messages/include/full_name_messages/full_name_messages/srv
-- Up-to-date: /home/fef2/ROS/ex09/install/full_name_messages/include/full_name_messages/full_name_messages/srv/detail
-- Up-to-date: /home/fef2/ROS/ex09/install/full_name_messages/include/full_name_messages/full_name_messages/srv/detail/dds_fastrtps
-- Up-to-date: /home/fef2/ROS/ex09/install/full_name_messages/include/full_name_messages/full_name_messages/srv/detail/full_name_sum_service__rosidl_typesupport_fastrtps_cpp.hpp
-- Up-to-date: /home/fef2/ROS/ex09/install/full_name_messages/lib/libfull_name_messages__rosidl_typesupport_fastrtps_cpp.so
-- Up-to-date: /home/fef2/ROS/ex09/install/full_name_messages/include/full_name_messages/full_name_messages
-- Up-to-date: /home/fef2/ROS/ex09/install/full_name_messages/include/full_name_messages/full_name_messages/msg
-- Up-to-date: /home/fef2/ROS/ex09/install/full_name_messages/include/full_name_messages/full_name_messages/msg/detail
-- Up-to-date: /home/fef2/ROS/ex09/install/full_name_messages/include/full_name_messages/full_name_messages/msg/detail/full_name_message__type_support.c
-- Up-to-date: /home/fef2/ROS/ex09/install/full_name_messages/include/full_name_messages/full_name_messages/msg/detail/full_name_message__rosidl_typesupport_introspection_c.h
-- Up-to-date: /home/fef2/ROS/ex09/install/full_name_messages/include/full_name_messages/full_name_messages/msg/rosidl_typesupport_introspection_c__visibility_control.h
-- Up-to-date: /home/fef2/ROS/ex09/install/full_name_messages/include/full_name_messages/full_name_messages/srv
-- Up-to-date: /home/fef2/ROS/ex09/install/full_name_messages/include/full_name_messages/full_name_messages/srv/detail
-- Up-to-date: /home/fef2/ROS/ex09/install/full_name_messages/include/full_name_messages/full_name_messages/srv/detail/full_name_sum_service__rosidl_typesupport_introspection_c.h
-- Up-to-date: /home/fef2/ROS/ex09/install/full_name_messages/include/full_name_messages/full_name_messages/srv/detail/full_name_sum_service__type_support.c
-- Up-to-date: /home/fef2/ROS/ex09/install/full_name_messages/lib/libfull_name_messages__rosidl_typesupport_introspection_c.so
-- Up-to-date: /home/fef2/ROS/ex09/install/full_name_messages/lib/libfull_name_messages__rosidl_typesupport_c.so
-- Up-to-date: /home/fef2/ROS/ex09/install/full_name_messages/include/full_name_messages/full_name_messages
-- Up-to-date: /home/fef2/ROS/ex09/install/full_name_messages/include/full_name_messages/full_name_messages/msg
-- Up-to-date: /home/fef2/ROS/ex09/install/full_name_messages/include/full_name_messages/full_name_messages/msg/detail
-- Up-to-date: /home/fef2/ROS/ex09/install/full_name_messages/include/full_name_messages/full_name_messages/msg/detail/full_name_message__rosidl_typesupport_introspection_cpp.hpp
-- Up-to-date: /home/fef2/ROS/ex09/install/full_name_messages/include/full_name_messages/full_name_messages/msg/detail/full_name_message__type_support.cpp
-- Up-to-date: /home/fef2/ROS/ex09/install/full_name_messages/include/full_name_messages/full_name_messages/srv
-- Up-to-date: /home/fef2/ROS/ex09/install/full_name_messages/include/full_name_messages/full_name_messages/srv/detail
-- Up-to-date: /home/fef2/ROS/ex09/install/full_name_messages/include/full_name_messages/full_name_messages/srv/detail/full_name_sum_service__type_support.cpp
-- Up-to-date: /home/fef2/ROS/ex09/install/full_name_messages/include/full_name_messages/full_name_messages/srv/detail/full_name_sum_service__rosidl_typesupport_introspection_cpp.hpp
-- Up-to-date: /home/fef2/ROS/ex09/install/full_name_messages/lib/libfull_name_messages__rosidl_typesupport_introspection_cpp.so
-- Up-to-date: /home/fef2/ROS/ex09/install/full_name_messages/lib/libfull_name_messages__rosidl_typesupport_cpp.so
-- Up-to-date: /home/fef2/ROS/ex09/install/full_name_messages/share/full_name_messages/environment/pythonpath.sh
-- Up-to-date: /home/fef2/ROS/ex09/install/full_name_messages/share/full_name_messages/environment/pythonpath.dsv
-- Up-to-date: /home/fef2/ROS/ex09/install/full_name_messages/local/lib/python3.10/dist-packages/full_name_messages-0.0.0-py3.10.egg-info
-- Installing: /home/fef2/ROS/ex09/install/full_name_messages/local/lib/python3.10/dist-packages/full_name_messages-0.0.0-py3.10.egg-info/top_level.txt
-- Installing: /home/fef2/ROS/ex09/install/full_name_messages/local/lib/python3.10/dist-packages/full_name_messages-0.0.0-py3.10.egg-info/dependency_links.txt
-- Installing: /home/fef2/ROS/ex09/install/full_name_messages/local/lib/python3.10/dist-packages/full_name_messages-0.0.0-py3.10.egg-info/SOURCES.txt
-- Installing: /home/fef2/ROS/ex09/install/full_name_messages/local/lib/python3.10/dist-packages/full_name_messages-0.0.0-py3.10.egg-info/PKG-INFO
-- Up-to-date: /home/fef2/ROS/ex09/install/full_name_messages/local/lib/python3.10/dist-packages/full_name_messages
-- Up-to-date: /home/fef2/ROS/ex09/install/full_name_messages/local/lib/python3.10/dist-packages/full_name_messages/full_name_messages_s__rosidl_typesupport_introspection_c.cpython-310-x86_64-linux-gnu.so
-- Up-to-date: /home/fef2/ROS/ex09/install/full_name_messages/local/lib/python3.10/dist-packages/full_name_messages/full_name_messages_s__rosidl_typesupport_c.cpython-310-x86_64-linux-gnu.so
-- Up-to-date: /home/fef2/ROS/ex09/install/full_name_messages/local/lib/python3.10/dist-packages/full_name_messages/__init__.py
-- Up-to-date: /home/fef2/ROS/ex09/install/full_name_messages/local/lib/python3.10/dist-packages/full_name_messages/_full_name_messages_s.ep.rosidl_typesupport_c.c
-- Up-to-date: /home/fef2/ROS/ex09/install/full_name_messages/local/lib/python3.10/dist-packages/full_name_messages/msg
-- Up-to-date: /home/fef2/ROS/ex09/install/full_name_messages/local/lib/python3.10/dist-packages/full_name_messages/msg/_full_name_message.py
-- Up-to-date: /home/fef2/ROS/ex09/install/full_name_messages/local/lib/python3.10/dist-packages/full_name_messages/msg/__init__.py
-- Up-to-date: /home/fef2/ROS/ex09/install/full_name_messages/local/lib/python3.10/dist-packages/full_name_messages/msg/_full_name_message_s.c
-- Up-to-date: /home/fef2/ROS/ex09/install/full_name_messages/local/lib/python3.10/dist-packages/full_name_messages/libfull_name_messages__rosidl_generator_py.so
-- Up-to-date: /home/fef2/ROS/ex09/install/full_name_messages/local/lib/python3.10/dist-packages/full_name_messages/srv
-- Up-to-date: /home/fef2/ROS/ex09/install/full_name_messages/local/lib/python3.10/dist-packages/full_name_messages/srv/__init__.py
-- Up-to-date: /home/fef2/ROS/ex09/install/full_name_messages/local/lib/python3.10/dist-packages/full_name_messages/srv/_full_name_sum_service_s.c
-- Up-to-date: /home/fef2/ROS/ex09/install/full_name_messages/local/lib/python3.10/dist-packages/full_name_messages/srv/_full_name_sum_service.py
-- Up-to-date: /home/fef2/ROS/ex09/install/full_name_messages/local/lib/python3.10/dist-packages/full_name_messages/_full_name_messages_s.ep.rosidl_typesupport_fastrtps_c.c
-- Up-to-date: /home/fef2/ROS/ex09/install/full_name_messages/local/lib/python3.10/dist-packages/full_name_messages/full_name_messages_s__rosidl_typesupport_fastrtps_c.cpython-310-x86_64-linux-gnu.so
-- Up-to-date: /home/fef2/ROS/ex09/install/full_name_messages/local/lib/python3.10/dist-packages/full_name_messages/_full_name_messages_s.ep.rosidl_typesupport_introspection_c.c
Listing '/home/fef2/ROS/ex09/install/full_name_messages/local/lib/python3.10/dist-packages/full_name_messages'...
Listing '/home/fef2/ROS/ex09/install/full_name_messages/local/lib/python3.10/dist-packages/full_name_messages/msg'...
Listing '/home/fef2/ROS/ex09/install/full_name_messages/local/lib/python3.10/dist-packages/full_name_messages/srv'...
-- Up-to-date: /home/fef2/ROS/ex09/install/full_name_messages/local/lib/python3.10/dist-packages/full_name_messages/full_name_messages_s__rosidl_typesupport_fastrtps_c.cpython-310-x86_64-linux-gnu.so
-- Up-to-date: /home/fef2/ROS/ex09/install/full_name_messages/local/lib/python3.10/dist-packages/full_name_messages/full_name_messages_s__rosidl_typesupport_introspection_c.cpython-310-x86_64-linux-gnu.so
-- Up-to-date: /home/fef2/ROS/ex09/install/full_name_messages/local/lib/python3.10/dist-packages/full_name_messages/full_name_messages_s__rosidl_typesupport_c.cpython-310-x86_64-linux-gnu.so
-- Up-to-date: /home/fef2/ROS/ex09/install/full_name_messages/lib/libfull_name_messages__rosidl_generator_py.so
-- Up-to-date: /home/fef2/ROS/ex09/install/full_name_messages/share/full_name_messages/msg/FullNameMessage.idl
-- Up-to-date: /home/fef2/ROS/ex09/install/full_name_messages/share/full_name_messages/srv/FullNameSumService.idl
-- Up-to-date: /home/fef2/ROS/ex09/install/full_name_messages/share/full_name_messages/msg/FullNameMessage.msg
-- Up-to-date: /home/fef2/ROS/ex09/install/full_name_messages/share/full_name_messages/srv/FullNameSumService.srv
-- Up-to-date: /home/fef2/ROS/ex09/install/full_name_messages/share/full_name_messages/srv/FullNameSumService_Request.msg
-- Up-to-date: /home/fef2/ROS/ex09/install/full_name_messages/share/full_name_messages/srv/FullNameSumService_Response.msg
-- Up-to-date: /home/fef2/ROS/ex09/install/full_name_messages/share/ament_index/resource_index/package_run_dependencies/full_name_messages
-- Up-to-date: /home/fef2/ROS/ex09/install/full_name_messages/share/ament_index/resource_index/parent_prefix_path/full_name_messages
-- Up-to-date: /home/fef2/ROS/ex09/install/full_name_messages/share/full_name_messages/environment/ament_prefix_path.sh
-- Up-to-date: /home/fef2/ROS/ex09/install/full_name_messages/share/full_name_messages/environment/ament_prefix_path.dsv
-- Up-to-date: /home/fef2/ROS/ex09/install/full_name_messages/share/full_name_messages/environment/path.sh
-- Up-to-date: /home/fef2/ROS/ex09/install/full_name_messages/share/full_name_messages/environment/path.dsv
-- Up-to-date: /home/fef2/ROS/ex09/install/full_name_messages/share/full_name_messages/local_setup.bash
-- Up-to-date: /home/fef2/ROS/ex09/install/full_name_messages/share/full_name_messages/local_setup.sh
-- Up-to-date: /home/fef2/ROS/ex09/install/full_name_messages/share/full_name_messages/local_setup.zsh
-- Up-to-date: /home/fef2/ROS/ex09/install/full_name_messages/share/full_name_messages/local_setup.dsv
-- Installing: /home/fef2/ROS/ex09/install/full_name_messages/share/full_name_messages/package.dsv
-- Up-to-date: /home/fef2/ROS/ex09/install/full_name_messages/share/ament_index/resource_index/packages/full_name_messages
-- Up-to-date: /home/fef2/ROS/ex09/install/full_name_messages/share/full_name_messages/cmake/export_full_name_messages__rosidl_generator_cExport.cmake
-- Up-to-date: /home/fef2/ROS/ex09/install/full_name_messages/share/full_name_messages/cmake/export_full_name_messages__rosidl_generator_cExport-noconfig.cmake
-- Up-to-date: /home/fef2/ROS/ex09/install/full_name_messages/share/full_name_messages/cmake/export_full_name_messages__rosidl_typesupport_fastrtps_cExport.cmake
-- Up-to-date: /home/fef2/ROS/ex09/install/full_name_messages/share/full_name_messages/cmake/export_full_name_messages__rosidl_typesupport_fastrtps_cExport-noconfig.cmake
-- Up-to-date: /home/fef2/ROS/ex09/install/full_name_messages/share/full_name_messages/cmake/export_full_name_messages__rosidl_generator_cppExport.cmake
-- Up-to-date: /home/fef2/ROS/ex09/install/full_name_messages/share/full_name_messages/cmake/export_full_name_messages__rosidl_typesupport_fastrtps_cppExport.cmake
-- Up-to-date: /home/fef2/ROS/ex09/install/full_name_messages/share/full_name_messages/cmake/export_full_name_messages__rosidl_typesupport_fastrtps_cppExport-noconfig.cmake
-- Up-to-date: /home/fef2/ROS/ex09/install/full_name_messages/share/full_name_messages/cmake/full_name_messages__rosidl_typesupport_introspection_cExport.cmake
-- Up-to-date: /home/fef2/ROS/ex09/install/full_name_messages/share/full_name_messages/cmake/full_name_messages__rosidl_typesupport_introspection_cExport-noconfig.cmake
-- Up-to-date: /home/fef2/ROS/ex09/install/full_name_messages/share/full_name_messages/cmake/full_name_messages__rosidl_typesupport_cExport.cmake
-- Up-to-date: /home/fef2/ROS/ex09/install/full_name_messages/share/full_name_messages/cmake/full_name_messages__rosidl_typesupport_cExport-noconfig.cmake
-- Up-to-date: /home/fef2/ROS/ex09/install/full_name_messages/share/full_name_messages/cmake/full_name_messages__rosidl_typesupport_introspection_cppExport.cmake
-- Up-to-date: /home/fef2/ROS/ex09/install/full_name_messages/share/full_name_messages/cmake/full_name_messages__rosidl_typesupport_introspection_cppExport-noconfig.cmake
-- Up-to-date: /home/fef2/ROS/ex09/install/full_name_messages/share/full_name_messages/cmake/full_name_messages__rosidl_typesupport_cppExport.cmake
-- Up-to-date: /home/fef2/ROS/ex09/install/full_name_messages/share/full_name_messages/cmake/full_name_messages__rosidl_typesupport_cppExport-noconfig.cmake
-- Up-to-date: /home/fef2/ROS/ex09/install/full_name_messages/share/full_name_messages/cmake/export_full_name_messages__rosidl_generator_pyExport.cmake
-- Up-to-date: /home/fef2/ROS/ex09/install/full_name_messages/share/full_name_messages/cmake/export_full_name_messages__rosidl_generator_pyExport-noconfig.cmake
-- Up-to-date: /home/fef2/ROS/ex09/install/full_name_messages/share/full_name_messages/cmake/rosidl_cmake-extras.cmake
-- Up-to-date: /home/fef2/ROS/ex09/install/full_name_messages/share/full_name_messages/cmake/ament_cmake_export_include_directories-extras.cmake
-- Up-to-date: /home/fef2/ROS/ex09/install/full_name_messages/share/full_name_messages/cmake/ament_cmake_export_libraries-extras.cmake
-- Up-to-date: /home/fef2/ROS/ex09/install/full_name_messages/share/full_name_messages/cmake/ament_cmake_export_targets-extras.cmake
-- Up-to-date: /home/fef2/ROS/ex09/install/full_name_messages/share/full_name_messages/cmake/rosidl_cmake_export_typesupport_targets-extras.cmake
-- Up-to-date: /home/fef2/ROS/ex09/install/full_name_messages/share/full_name_messages/cmake/ament_cmake_export_dependencies-extras.cmake
-- Up-to-date: /home/fef2/ROS/ex09/install/full_name_messages/share/full_name_messages/cmake/rosidl_cmake_export_typesupport_libraries-extras.cmake
-- Up-to-date: /home/fef2/ROS/ex09/install/full_name_messages/share/full_name_messages/cmake/full_name_messagesConfig.cmake
-- Up-to-date: /home/fef2/ROS/ex09/install/full_name_messages/share/full_name_messages/cmake/full_name_messagesConfig-version.cmake
-- Up-to-date: /home/fef2/ROS/ex09/install/full_name_messages/share/full_name_messages/package.xml
