[0.019s] Invoking command in '/home/fef2/ROS/ex09/build/full_name_messages': CMAKE_PREFIX_PATH=${CMAKE_PREFIX_PATH}:/opt/ros/humble /usr/bin/cmake --build /home/fef2/ROS/ex09/build/full_name_messages -- -j12 -l12
[0.112s] [  2%] Built target full_name_messages__cpp
[0.117s] [ 12%] Built target full_name_messages__rosidl_generator_c
[0.133s] [ 12%] Built target ament_cmake_python_copy_full_name_messages
[0.158s] [ 25%] Built target full_name_messages__rosidl_typesupport_introspection_c
[0.158s] [ 43%] Built target full_name_messages__rosidl_typesupport_fastrtps_c
[0.159s] [ 51%] Built target full_name_messages__rosidl_typesupport_introspection_cpp
[0.159s] [ 53%] Built target full_name_messages__rosidl_typesupport_cpp
[0.162s] [ 64%] Built target full_name_messages__rosidl_typesupport_c
[0.164s] [ 74%] Built target full_name_messages__rosidl_typesupport_fastrtps_cpp
[0.202s] [ 74%] Built target full_name_messages
[0.242s] [ 76%] Built target full_name_messages__py
[0.289s] [ 84%] Built target full_name_messages__rosidl_generator_py
[0.328s] [ 89%] Built target full_name_messages__rosidl_typesupport_introspection_c__pyext
[0.332s] [ 94%] Built target full_name_messages__rosidl_typesupport_c__pyext
[0.333s] [100%] Built target full_name_messages__rosidl_typesupport_fastrtps_c__pyext
[0.470s] running egg_info
[0.471s] writing full_name_messages.egg-info/PKG-INFO
[0.471s] writing dependency_links to full_name_messages.egg-info/dependency_links.txt
[0.471s] writing top-level names to full_name_messages.egg-info/top_level.txt
[0.474s] reading manifest file 'full_name_messages.egg-info/SOURCES.txt'
[0.475s] writing manifest file 'full_name_messages.egg-info/SOURCES.txt'
[0.519s] [100%] Built target ament_cmake_python_build_full_name_messages_egg
[0.539s] Invoked command in '/home/fef2/ROS/ex09/build/full_name_messages' returned '0': CMAKE_PREFIX_PATH=${CMAKE_PREFIX_PATH}:/opt/ros/humble /usr/bin/cmake --build /home/fef2/ROS/ex09/build/full_name_messages -- -j12 -l12
[0.698s] Invoking command in '/home/fef2/ROS/ex09/build/full_name_messages': CMAKE_PREFIX_PATH=${CMAKE_PREFIX_PATH}:/opt/ros/humble /usr/bin/cmake --install /home/fef2/ROS/ex09/build/full_name_messages
[0.716s] -- Install configuration: ""
[0.716s] -- Up-to-date: /home/fef2/ROS/ex09/install/full_name_messages/share/ament_index/resource_index/rosidl_interfaces/full_name_messages
[0.717s] -- Up-to-date: /home/fef2/ROS/ex09/install/full_name_messages/include/full_name_messages/full_name_messages
[0.717s] -- Up-to-date: /home/fef2/ROS/ex09/install/full_name_messages/include/full_name_messages/full_name_messages/msg
[0.717s] -- Up-to-date: /home/fef2/ROS/ex09/install/full_name_messages/include/full_name_messages/full_name_messages/msg/rosidl_generator_c__visibility_control.h
[0.717s] -- Up-to-date: /home/fef2/ROS/ex09/install/full_name_messages/include/full_name_messages/full_name_messages/msg/detail
[0.717s] -- Up-to-date: /home/fef2/ROS/ex09/install/full_name_messages/include/full_name_messages/full_name_messages/msg/detail/full_name_message__struct.h
[0.717s] -- Up-to-date: /home/fef2/ROS/ex09/install/full_name_messages/include/full_name_messages/full_name_messages/msg/detail/full_name_message__functions.h
[0.718s] -- Up-to-date: /home/fef2/ROS/ex09/install/full_name_messages/include/full_name_messages/full_name_messages/msg/detail/full_name_message__type_support.h
[0.718s] -- Up-to-date: /home/fef2/ROS/ex09/install/full_name_messages/include/full_name_messages/full_name_messages/msg/detail/full_name_message__functions.c
[0.718s] -- Up-to-date: /home/fef2/ROS/ex09/install/full_name_messages/include/full_name_messages/full_name_messages/msg/full_name_message.h
[0.718s] -- Up-to-date: /home/fef2/ROS/ex09/install/full_name_messages/include/full_name_messages/full_name_messages/srv
[0.718s] -- Up-to-date: /home/fef2/ROS/ex09/install/full_name_messages/include/full_name_messages/full_name_messages/srv/detail
[0.719s] -- Up-to-date: /home/fef2/ROS/ex09/install/full_name_messages/include/full_name_messages/full_name_messages/srv/detail/full_name_sum_service__type_support.h
[0.719s] -- Up-to-date: /home/fef2/ROS/ex09/install/full_name_messages/include/full_name_messages/full_name_messages/srv/detail/full_name_sum_service__struct.h
[0.719s] -- Up-to-date: /home/fef2/ROS/ex09/install/full_name_messages/include/full_name_messages/full_name_messages/srv/detail/full_name_sum_service__functions.c
[0.719s] -- Up-to-date: /home/fef2/ROS/ex09/install/full_name_messages/include/full_name_messages/full_name_messages/srv/detail/full_name_sum_service__functions.h
[0.719s] -- Up-to-date: /home/fef2/ROS/ex09/install/full_name_messages/include/full_name_messages/full_name_messages/srv/full_name_sum_service.h
[0.719s] -- Up-to-date: /home/fef2/ROS/ex09/install/full_name_messages/share/full_name_messages/environment/library_path.sh
[0.720s] -- Up-to-date: /home/fef2/ROS/ex09/install/full_name_messages/share/full_name_messages/environment/library_path.dsv
[0.720s] -- Up-to-date: /home/fef2/ROS/ex09/install/full_name_messages/lib/libfull_name_messages__rosidl_generator_c.so
[0.720s] -- Up-to-date: /home/fef2/ROS/ex09/install/full_name_messages/include/full_name_messages/full_name_messages
[0.720s] -- Up-to-date: /home/fef2/ROS/ex09/install/full_name_messages/include/full_name_messages/full_name_messages/msg
[0.720s] -- Up-to-date: /home/fef2/ROS/ex09/install/full_name_messages/include/full_name_messages/full_name_messages/msg/detail
[0.721s] -- Up-to-date: /home/fef2/ROS/ex09/install/full_name_messages/include/full_name_messages/full_name_messages/msg/detail/full_name_message__rosidl_typesupport_fastrtps_c.h
[0.721s] -- Up-to-date: /home/fef2/ROS/ex09/install/full_name_messages/include/full_name_messages/full_name_messages/msg/rosidl_typesupport_fastrtps_c__visibility_control.h
[0.721s] -- Up-to-date: /home/fef2/ROS/ex09/install/full_name_messages/include/full_name_messages/full_name_messages/srv
[0.721s] -- Up-to-date: /home/fef2/ROS/ex09/install/full_name_messages/include/full_name_messages/full_name_messages/srv/detail
[0.721s] -- Up-to-date: /home/fef2/ROS/ex09/install/full_name_messages/include/full_name_messages/full_name_messages/srv/detail/full_name_sum_service__rosidl_typesupport_fastrtps_c.h
[0.721s] -- Up-to-date: /home/fef2/ROS/ex09/install/full_name_messages/lib/libfull_name_messages__rosidl_typesupport_fastrtps_c.so
[0.721s] -- Up-to-date: /home/fef2/ROS/ex09/install/full_name_messages/include/full_name_messages/full_name_messages
[0.722s] -- Up-to-date: /home/fef2/ROS/ex09/install/full_name_messages/include/full_name_messages/full_name_messages/msg
[0.722s] -- Up-to-date: /home/fef2/ROS/ex09/install/full_name_messages/include/full_name_messages/full_name_messages/msg/detail
[0.722s] -- Up-to-date: /home/fef2/ROS/ex09/install/full_name_messages/include/full_name_messages/full_name_messages/msg/detail/full_name_message__struct.hpp
[0.722s] -- Up-to-date: /home/fef2/ROS/ex09/install/full_name_messages/include/full_name_messages/full_name_messages/msg/detail/full_name_message__builder.hpp
[0.722s] -- Up-to-date: /home/fef2/ROS/ex09/install/full_name_messages/include/full_name_messages/full_name_messages/msg/detail/full_name_message__traits.hpp
[0.722s] -- Up-to-date: /home/fef2/ROS/ex09/install/full_name_messages/include/full_name_messages/full_name_messages/msg/full_name_message.hpp
[0.723s] -- Up-to-date: /home/fef2/ROS/ex09/install/full_name_messages/include/full_name_messages/full_name_messages/srv
[0.723s] -- Up-to-date: /home/fef2/ROS/ex09/install/full_name_messages/include/full_name_messages/full_name_messages/srv/detail
[0.723s] -- Up-to-date: /home/fef2/ROS/ex09/install/full_name_messages/include/full_name_messages/full_name_messages/srv/detail/full_name_sum_service__struct.hpp
[0.723s] -- Up-to-date: /home/fef2/ROS/ex09/install/full_name_messages/include/full_name_messages/full_name_messages/srv/detail/full_name_sum_service__traits.hpp
[0.723s] -- Up-to-date: /home/fef2/ROS/ex09/install/full_name_messages/include/full_name_messages/full_name_messages/srv/detail/full_name_sum_service__builder.hpp
[0.723s] -- Up-to-date: /home/fef2/ROS/ex09/install/full_name_messages/include/full_name_messages/full_name_messages/srv/full_name_sum_service.hpp
[0.724s] -- Up-to-date: /home/fef2/ROS/ex09/install/full_name_messages/include/full_name_messages/full_name_messages
[0.724s] -- Up-to-date: /home/fef2/ROS/ex09/install/full_name_messages/include/full_name_messages/full_name_messages/msg
[0.724s] -- Up-to-date: /home/fef2/ROS/ex09/install/full_name_messages/include/full_name_messages/full_name_messages/msg/detail
[0.724s] -- Up-to-date: /home/fef2/ROS/ex09/install/full_name_messages/include/full_name_messages/full_name_messages/msg/detail/dds_fastrtps
[0.724s] -- Up-to-date: /home/fef2/ROS/ex09/install/full_name_messages/include/full_name_messages/full_name_messages/msg/detail/full_name_message__rosidl_typesupport_fastrtps_cpp.hpp
[0.724s] -- Up-to-date: /home/fef2/ROS/ex09/install/full_name_messages/include/full_name_messages/full_name_messages/msg/rosidl_typesupport_fastrtps_cpp__visibility_control.h
[0.725s] -- Up-to-date: /home/fef2/ROS/ex09/install/full_name_messages/include/full_name_messages/full_name_messages/srv
[0.725s] -- Up-to-date: /home/fef2/ROS/ex09/install/full_name_messages/include/full_name_messages/full_name_messages/srv/detail
[0.725s] -- Up-to-date: /home/fef2/ROS/ex09/install/full_name_messages/include/full_name_messages/full_name_messages/srv/detail/dds_fastrtps
[0.725s] -- Up-to-date: /home/fef2/ROS/ex09/install/full_name_messages/include/full_name_messages/full_name_messages/srv/detail/full_name_sum_service__rosidl_typesupport_fastrtps_cpp.hpp
[0.725s] -- Up-to-date: /home/fef2/ROS/ex09/install/full_name_messages/lib/libfull_name_messages__rosidl_typesupport_fastrtps_cpp.so
[0.725s] -- Up-to-date: /home/fef2/ROS/ex09/install/full_name_messages/include/full_name_messages/full_name_messages
[0.726s] -- Up-to-date: /home/fef2/ROS/ex09/install/full_name_messages/include/full_name_messages/full_name_messages/msg
[0.726s] -- Up-to-date: /home/fef2/ROS/ex09/install/full_name_messages/include/full_name_messages/full_name_messages/msg/detail
[0.726s] -- Up-to-date: /home/fef2/ROS/ex09/install/full_name_messages/include/full_name_messages/full_name_messages/msg/detail/full_name_message__type_support.c
[0.726s] -- Up-to-date: /home/fef2/ROS/ex09/install/full_name_messages/include/full_name_messages/full_name_messages/msg/detail/full_name_message__rosidl_typesupport_introspection_c.h
[0.726s] -- Up-to-date: /home/fef2/ROS/ex09/install/full_name_messages/include/full_name_messages/full_name_messages/msg/rosidl_typesupport_introspection_c__visibility_control.h
[0.726s] -- Up-to-date: /home/fef2/ROS/ex09/install/full_name_messages/include/full_name_messages/full_name_messages/srv
[0.726s] -- Up-to-date: /home/fef2/ROS/ex09/install/full_name_messages/include/full_name_messages/full_name_messages/srv/detail
[0.726s] -- Up-to-date: /home/fef2/ROS/ex09/install/full_name_messages/include/full_name_messages/full_name_messages/srv/detail/full_name_sum_service__rosidl_typesupport_introspection_c.h
[0.727s] -- Up-to-date: /home/fef2/ROS/ex09/install/full_name_messages/include/full_name_messages/full_name_messages/srv/detail/full_name_sum_service__type_support.c
[0.727s] -- Up-to-date: /home/fef2/ROS/ex09/install/full_name_messages/lib/libfull_name_messages__rosidl_typesupport_introspection_c.so
[0.727s] -- Up-to-date: /home/fef2/ROS/ex09/install/full_name_messages/lib/libfull_name_messages__rosidl_typesupport_c.so
[0.727s] -- Up-to-date: /home/fef2/ROS/ex09/install/full_name_messages/include/full_name_messages/full_name_messages
[0.727s] -- Up-to-date: /home/fef2/ROS/ex09/install/full_name_messages/include/full_name_messages/full_name_messages/msg
[0.727s] -- Up-to-date: /home/fef2/ROS/ex09/install/full_name_messages/include/full_name_messages/full_name_messages/msg/detail
[0.727s] -- Up-to-date: /home/fef2/ROS/ex09/install/full_name_messages/include/full_name_messages/full_name_messages/msg/detail/full_name_message__rosidl_typesupport_introspection_cpp.hpp
[0.728s] -- Up-to-date: /home/fef2/ROS/ex09/install/full_name_messages/include/full_name_messages/full_name_messages/msg/detail/full_name_message__type_support.cpp
[0.728s] -- Up-to-date: /home/fef2/ROS/ex09/install/full_name_messages/include/full_name_messages/full_name_messages/srv
[0.728s] -- Up-to-date: /home/fef2/ROS/ex09/install/full_name_messages/include/full_name_messages/full_name_messages/srv/detail
[0.728s] -- Up-to-date: /home/fef2/ROS/ex09/install/full_name_messages/include/full_name_messages/full_name_messages/srv/detail/full_name_sum_service__type_support.cpp
[0.729s] -- Up-to-date: /home/fef2/ROS/ex09/install/full_name_messages/include/full_name_messages/full_name_messages/srv/detail/full_name_sum_service__rosidl_typesupport_introspection_cpp.hpp
[0.729s] -- Up-to-date: /home/fef2/ROS/ex09/install/full_name_messages/lib/libfull_name_messages__rosidl_typesupport_introspection_cpp.so
[0.729s] -- Up-to-date: /home/fef2/ROS/ex09/install/full_name_messages/lib/libfull_name_messages__rosidl_typesupport_cpp.so
[0.729s] -- Up-to-date: /home/fef2/ROS/ex09/install/full_name_messages/share/full_name_messages/environment/pythonpath.sh
[0.729s] -- Up-to-date: /home/fef2/ROS/ex09/install/full_name_messages/share/full_name_messages/environment/pythonpath.dsv
[0.729s] -- Up-to-date: /home/fef2/ROS/ex09/install/full_name_messages/local/lib/python3.10/dist-packages/full_name_messages-0.0.0-py3.10.egg-info
[0.729s] -- Installing: /home/fef2/ROS/ex09/install/full_name_messages/local/lib/python3.10/dist-packages/full_name_messages-0.0.0-py3.10.egg-info/top_level.txt
[0.730s] -- Installing: /home/fef2/ROS/ex09/install/full_name_messages/local/lib/python3.10/dist-packages/full_name_messages-0.0.0-py3.10.egg-info/dependency_links.txt
[0.730s] -- Installing: /home/fef2/ROS/ex09/install/full_name_messages/local/lib/python3.10/dist-packages/full_name_messages-0.0.0-py3.10.egg-info/SOURCES.txt
[0.730s] -- Installing: /home/fef2/ROS/ex09/install/full_name_messages/local/lib/python3.10/dist-packages/full_name_messages-0.0.0-py3.10.egg-info/PKG-INFO
[0.730s] -- Up-to-date: /home/fef2/ROS/ex09/install/full_name_messages/local/lib/python3.10/dist-packages/full_name_messages
[0.730s] -- Up-to-date: /home/fef2/ROS/ex09/install/full_name_messages/local/lib/python3.10/dist-packages/full_name_messages/full_name_messages_s__rosidl_typesupport_introspection_c.cpython-310-x86_64-linux-gnu.so
[0.730s] -- Up-to-date: /home/fef2/ROS/ex09/install/full_name_messages/local/lib/python3.10/dist-packages/full_name_messages/full_name_messages_s__rosidl_typesupport_c.cpython-310-x86_64-linux-gnu.so
[0.730s] -- Up-to-date: /home/fef2/ROS/ex09/install/full_name_messages/local/lib/python3.10/dist-packages/full_name_messages/__init__.py
[0.731s] -- Up-to-date: /home/fef2/ROS/ex09/install/full_name_messages/local/lib/python3.10/dist-packages/full_name_messages/_full_name_messages_s.ep.rosidl_typesupport_c.c
[0.731s] -- Up-to-date: /home/fef2/ROS/ex09/install/full_name_messages/local/lib/python3.10/dist-packages/full_name_messages/msg
[0.731s] -- Up-to-date: /home/fef2/ROS/ex09/install/full_name_messages/local/lib/python3.10/dist-packages/full_name_messages/msg/_full_name_message.py
[0.731s] -- Up-to-date: /home/fef2/ROS/ex09/install/full_name_messages/local/lib/python3.10/dist-packages/full_name_messages/msg/__init__.py
[0.731s] -- Up-to-date: /home/fef2/ROS/ex09/install/full_name_messages/local/lib/python3.10/dist-packages/full_name_messages/msg/_full_name_message_s.c
[0.732s] -- Up-to-date: /home/fef2/ROS/ex09/install/full_name_messages/local/lib/python3.10/dist-packages/full_name_messages/libfull_name_messages__rosidl_generator_py.so
[0.732s] -- Up-to-date: /home/fef2/ROS/ex09/install/full_name_messages/local/lib/python3.10/dist-packages/full_name_messages/srv
[0.732s] -- Up-to-date: /home/fef2/ROS/ex09/install/full_name_messages/local/lib/python3.10/dist-packages/full_name_messages/srv/__init__.py
[0.732s] -- Up-to-date: /home/fef2/ROS/ex09/install/full_name_messages/local/lib/python3.10/dist-packages/full_name_messages/srv/_full_name_sum_service_s.c
[0.732s] -- Up-to-date: /home/fef2/ROS/ex09/install/full_name_messages/local/lib/python3.10/dist-packages/full_name_messages/srv/_full_name_sum_service.py
[0.732s] -- Up-to-date: /home/fef2/ROS/ex09/install/full_name_messages/local/lib/python3.10/dist-packages/full_name_messages/_full_name_messages_s.ep.rosidl_typesupport_fastrtps_c.c
[0.732s] -- Up-to-date: /home/fef2/ROS/ex09/install/full_name_messages/local/lib/python3.10/dist-packages/full_name_messages/full_name_messages_s__rosidl_typesupport_fastrtps_c.cpython-310-x86_64-linux-gnu.so
[0.733s] -- Up-to-date: /home/fef2/ROS/ex09/install/full_name_messages/local/lib/python3.10/dist-packages/full_name_messages/_full_name_messages_s.ep.rosidl_typesupport_introspection_c.c
[0.772s] Listing '/home/fef2/ROS/ex09/install/full_name_messages/local/lib/python3.10/dist-packages/full_name_messages'...
[0.772s] Listing '/home/fef2/ROS/ex09/install/full_name_messages/local/lib/python3.10/dist-packages/full_name_messages/msg'...
[0.772s] Listing '/home/fef2/ROS/ex09/install/full_name_messages/local/lib/python3.10/dist-packages/full_name_messages/srv'...
[0.778s] -- Up-to-date: /home/fef2/ROS/ex09/install/full_name_messages/local/lib/python3.10/dist-packages/full_name_messages/full_name_messages_s__rosidl_typesupport_fastrtps_c.cpython-310-x86_64-linux-gnu.so
[0.779s] -- Up-to-date: /home/fef2/ROS/ex09/install/full_name_messages/local/lib/python3.10/dist-packages/full_name_messages/full_name_messages_s__rosidl_typesupport_introspection_c.cpython-310-x86_64-linux-gnu.so
[0.779s] -- Up-to-date: /home/fef2/ROS/ex09/install/full_name_messages/local/lib/python3.10/dist-packages/full_name_messages/full_name_messages_s__rosidl_typesupport_c.cpython-310-x86_64-linux-gnu.so
[0.780s] -- Up-to-date: /home/fef2/ROS/ex09/install/full_name_messages/lib/libfull_name_messages__rosidl_generator_py.so
[0.781s] -- Up-to-date: /home/fef2/ROS/ex09/install/full_name_messages/share/full_name_messages/msg/FullNameMessage.idl
[0.781s] -- Up-to-date: /home/fef2/ROS/ex09/install/full_name_messages/share/full_name_messages/srv/FullNameSumService.idl
[0.781s] -- Up-to-date: /home/fef2/ROS/ex09/install/full_name_messages/share/full_name_messages/msg/FullNameMessage.msg
[0.781s] -- Up-to-date: /home/fef2/ROS/ex09/install/full_name_messages/share/full_name_messages/srv/FullNameSumService.srv
[0.781s] -- Up-to-date: /home/fef2/ROS/ex09/install/full_name_messages/share/full_name_messages/srv/FullNameSumService_Request.msg
[0.782s] -- Up-to-date: /home/fef2/ROS/ex09/install/full_name_messages/share/full_name_messages/srv/FullNameSumService_Response.msg
[0.782s] -- Up-to-date: /home/fef2/ROS/ex09/install/full_name_messages/share/ament_index/resource_index/package_run_dependencies/full_name_messages
[0.782s] -- Up-to-date: /home/fef2/ROS/ex09/install/full_name_messages/share/ament_index/resource_index/parent_prefix_path/full_name_messages
[0.782s] -- Up-to-date: /home/fef2/ROS/ex09/install/full_name_messages/share/full_name_messages/environment/ament_prefix_path.sh
[0.782s] -- Up-to-date: /home/fef2/ROS/ex09/install/full_name_messages/share/full_name_messages/environment/ament_prefix_path.dsv
[0.782s] -- Up-to-date: /home/fef2/ROS/ex09/install/full_name_messages/share/full_name_messages/environment/path.sh
[0.783s] -- Up-to-date: /home/fef2/ROS/ex09/install/full_name_messages/share/full_name_messages/environment/path.dsv
[0.783s] -- Up-to-date: /home/fef2/ROS/ex09/install/full_name_messages/share/full_name_messages/local_setup.bash
[0.783s] -- Up-to-date: /home/fef2/ROS/ex09/install/full_name_messages/share/full_name_messages/local_setup.sh
[0.783s] -- Up-to-date: /home/fef2/ROS/ex09/install/full_name_messages/share/full_name_messages/local_setup.zsh
[0.783s] -- Up-to-date: /home/fef2/ROS/ex09/install/full_name_messages/share/full_name_messages/local_setup.dsv
[0.783s] -- Installing: /home/fef2/ROS/ex09/install/full_name_messages/share/full_name_messages/package.dsv
[0.783s] -- Up-to-date: /home/fef2/ROS/ex09/install/full_name_messages/share/ament_index/resource_index/packages/full_name_messages
[0.784s] -- Up-to-date: /home/fef2/ROS/ex09/install/full_name_messages/share/full_name_messages/cmake/export_full_name_messages__rosidl_generator_cExport.cmake
[0.784s] -- Up-to-date: /home/fef2/ROS/ex09/install/full_name_messages/share/full_name_messages/cmake/export_full_name_messages__rosidl_generator_cExport-noconfig.cmake
[0.784s] -- Up-to-date: /home/fef2/ROS/ex09/install/full_name_messages/share/full_name_messages/cmake/export_full_name_messages__rosidl_typesupport_fastrtps_cExport.cmake
[0.784s] -- Up-to-date: /home/fef2/ROS/ex09/install/full_name_messages/share/full_name_messages/cmake/export_full_name_messages__rosidl_typesupport_fastrtps_cExport-noconfig.cmake
[0.784s] -- Up-to-date: /home/fef2/ROS/ex09/install/full_name_messages/share/full_name_messages/cmake/export_full_name_messages__rosidl_generator_cppExport.cmake
[0.785s] -- Up-to-date: /home/fef2/ROS/ex09/install/full_name_messages/share/full_name_messages/cmake/export_full_name_messages__rosidl_typesupport_fastrtps_cppExport.cmake
[0.785s] -- Up-to-date: /home/fef2/ROS/ex09/install/full_name_messages/share/full_name_messages/cmake/export_full_name_messages__rosidl_typesupport_fastrtps_cppExport-noconfig.cmake
[0.785s] -- Up-to-date: /home/fef2/ROS/ex09/install/full_name_messages/share/full_name_messages/cmake/full_name_messages__rosidl_typesupport_introspection_cExport.cmake
[0.785s] -- Up-to-date: /home/fef2/ROS/ex09/install/full_name_messages/share/full_name_messages/cmake/full_name_messages__rosidl_typesupport_introspection_cExport-noconfig.cmake
[0.785s] -- Up-to-date: /home/fef2/ROS/ex09/install/full_name_messages/share/full_name_messages/cmake/full_name_messages__rosidl_typesupport_cExport.cmake
[0.785s] -- Up-to-date: /home/fef2/ROS/ex09/install/full_name_messages/share/full_name_messages/cmake/full_name_messages__rosidl_typesupport_cExport-noconfig.cmake
[0.786s] -- Up-to-date: /home/fef2/ROS/ex09/install/full_name_messages/share/full_name_messages/cmake/full_name_messages__rosidl_typesupport_introspection_cppExport.cmake
[0.786s] -- Up-to-date: /home/fef2/ROS/ex09/install/full_name_messages/share/full_name_messages/cmake/full_name_messages__rosidl_typesupport_introspection_cppExport-noconfig.cmake
[0.786s] -- Up-to-date: /home/fef2/ROS/ex09/install/full_name_messages/share/full_name_messages/cmake/full_name_messages__rosidl_typesupport_cppExport.cmake
[0.786s] -- Up-to-date: /home/fef2/ROS/ex09/install/full_name_messages/share/full_name_messages/cmake/full_name_messages__rosidl_typesupport_cppExport-noconfig.cmake
[0.786s] -- Up-to-date: /home/fef2/ROS/ex09/install/full_name_messages/share/full_name_messages/cmake/export_full_name_messages__rosidl_generator_pyExport.cmake
[0.786s] -- Up-to-date: /home/fef2/ROS/ex09/install/full_name_messages/share/full_name_messages/cmake/export_full_name_messages__rosidl_generator_pyExport-noconfig.cmake
[0.787s] -- Up-to-date: /home/fef2/ROS/ex09/install/full_name_messages/share/full_name_messages/cmake/rosidl_cmake-extras.cmake
[0.787s] -- Up-to-date: /home/fef2/ROS/ex09/install/full_name_messages/share/full_name_messages/cmake/ament_cmake_export_include_directories-extras.cmake
[0.787s] -- Up-to-date: /home/fef2/ROS/ex09/install/full_name_messages/share/full_name_messages/cmake/ament_cmake_export_libraries-extras.cmake
[0.787s] -- Up-to-date: /home/fef2/ROS/ex09/install/full_name_messages/share/full_name_messages/cmake/ament_cmake_export_targets-extras.cmake
[0.787s] -- Up-to-date: /home/fef2/ROS/ex09/install/full_name_messages/share/full_name_messages/cmake/rosidl_cmake_export_typesupport_targets-extras.cmake
[0.787s] -- Up-to-date: /home/fef2/ROS/ex09/install/full_name_messages/share/full_name_messages/cmake/ament_cmake_export_dependencies-extras.cmake
[0.787s] -- Up-to-date: /home/fef2/ROS/ex09/install/full_name_messages/share/full_name_messages/cmake/rosidl_cmake_export_typesupport_libraries-extras.cmake
[0.788s] -- Up-to-date: /home/fef2/ROS/ex09/install/full_name_messages/share/full_name_messages/cmake/full_name_messagesConfig.cmake
[0.788s] -- Up-to-date: /home/fef2/ROS/ex09/install/full_name_messages/share/full_name_messages/cmake/full_name_messagesConfig-version.cmake
[0.788s] -- Up-to-date: /home/fef2/ROS/ex09/install/full_name_messages/share/full_name_messages/package.xml
[0.793s] Invoked command in '/home/fef2/ROS/ex09/build/full_name_messages' returned '0': CMAKE_PREFIX_PATH=${CMAKE_PREFIX_PATH}:/opt/ros/humble /usr/bin/cmake --install /home/fef2/ROS/ex09/build/full_name_messages
